#
# There is insufficient memory for the Java Runtime Environment to continue.
# Native memory allocation (mmap) failed to map 42991616 bytes for G1 virtual space
# Possible reasons:
#   The system is out of physical RAM or swap space
#   The process is running with CompressedOops enabled, and the Java Heap may be blocking the growth of the native heap
# Possible solutions:
#   Reduce memory load on the system
#   Increase physical memory or swap space
#   Check if swap backing store is full
#   Decrease Java heap size (-Xmx/-Xms)
#   Decrease number of Java threads
#   Decrease Java thread stack sizes (-Xss)
#   Set larger code cache with -XX:ReservedCodeCacheSize=
#   JVM is running with Unscaled Compressed Oops mode in which the Java heap is
#     placed in the first 4GB address space. The Java Heap base address is the
#     maximum limit for the native heap growth. Please use -XX:HeapBaseMinAddress
#     to set the Java Heap base and to place the Java Heap above 4GB virtual address.
# This output file may be truncated or incomplete.
#
#  Out of Memory Error (os_windows.cpp:3769), pid=10008, tid=26532
#
# JRE version: OpenJDK Runtime Environment (17.0.6) (build 17.0.6+0-b2043.56-10027231)
# Java VM: OpenJDK 64-Bit Server VM (17.0.6+0-b2043.56-10027231, mixed mode, tiered, compressed oops, compressed class ptrs, g1 gc, windows-amd64)
# No core dump will be written. Minidumps are not enabled by default on client versions of Windows
#

---------------  S U M M A R Y ------------

Command Line: --add-opens=java.base/java.util=ALL-UNNAMED --add-opens=java.base/java.lang=ALL-UNNAMED --add-opens=java.base/java.lang.invoke=ALL-UNNAMED --add-opens=java.prefs/java.util.prefs=ALL-UNNAMED --add-opens=java.base/java.nio.charset=ALL-UNNAMED --add-opens=java.base/java.net=ALL-UNNAMED --add-opens=java.base/java.util.concurrent.atomic=ALL-UNNAMED -Xmx2048m -Dfile.encoding=UTF-8 -Duser.country=IN -Duser.language=en -Duser.variant org.gradle.launcher.daemon.bootstrap.GradleDaemon 8.0

Host: AMD Ryzen 5 5500U with Radeon Graphics         , 12 cores, 15G,  Windows 11 , 64 bit Build 22621 (10.0.22621.2506)
Time: Sat Dec  2 21:21:50 2023 India Standard Time elapsed time: 16.188232 seconds (0d 0h 0m 16s)

---------------  T H R E A D  ---------------

Current thread (0x0000014ac290de00):  VMThread "VM Thread" [stack: 0x0000003235e00000,0x0000003235f00000] [id=26532]

Stack: [0x0000003235e00000,0x0000003235f00000]
Native frames: (J=compiled Java code, j=interpreted, Vv=VM code, C=native code)
V  [jvm.dll+0x683c9a]
V  [jvm.dll+0x8427a4]
V  [jvm.dll+0x843f9e]
V  [jvm.dll+0x844603]
V  [jvm.dll+0x249b75]
V  [jvm.dll+0x680b69]
V  [jvm.dll+0x67505a]
V  [jvm.dll+0x309acb]
V  [jvm.dll+0x310f86]
V  [jvm.dll+0x3608ee]
V  [jvm.dll+0x360b1f]
V  [jvm.dll+0x2dfbf8]
V  [jvm.dll+0x2ddec4]
V  [jvm.dll+0x2dd4cc]
V  [jvm.dll+0x322261]
V  [jvm.dll+0x848ccb]
V  [jvm.dll+0x849a04]
V  [jvm.dll+0x849f1d]
V  [jvm.dll+0x84a2f4]
V  [jvm.dll+0x84a3c0]
V  [jvm.dll+0x7f274a]
V  [jvm.dll+0x682ad5]
C  [ucrtbase.dll+0x29363]
C  [KERNEL32.DLL+0x1257d]
C  [ntdll.dll+0x5aa58]

VM_Operation (0x00000032377f6640): G1TryInitiateConcMark, mode: safepoint, requested by thread 0x0000014ac4955f30


---------------  P R O C E S S  ---------------

Threads class SMR info:
_java_thread_list=0x0000014ac6b45560, length=172, elements={
0x0000014aa66ac2f0, 0x0000014ac290ea00, 0x0000014ac345f8f0, 0x0000014ac34a74d0,
0x0000014ac34a8080, 0x0000014ac34aaf50, 0x0000014ac34abb10, 0x0000014ac34cc800,
0x0000014ac34cd600, 0x0000014ac34d0810, 0x0000014ac3647980, 0x0000014ac364c270,
0x0000014ac4c88750, 0x0000014ac417cbe0, 0x0000014ac59e28d0, 0x0000014ac49550c0,
0x0000014ac4954250, 0x0000014ac4955a60, 0x0000014ac4955f30, 0x0000014ac4956400,
0x0000014ac49568d0, 0x0000014ac4955590, 0x0000014ac4956da0, 0x0000014ac4954bf0,
0x0000014ac4953d80, 0x0000014ac49533e0, 0x0000014ac49538b0, 0x0000014ac4954720,
0x0000014ac6c598a0, 0x0000014ac6c57bc0, 0x0000014ac6c55070, 0x0000014ac6c5b0b0,
0x0000014ac6c56880, 0x0000014ac6c5b580, 0x0000014ac6c58f00, 0x0000014ac6c59d70,
0x0000014ac6c54ba0, 0x0000014ac6c576f0, 0x0000014ac6c55540, 0x0000014ac6c5bf20,
0x0000014ac6c58090, 0x0000014ac6c593d0, 0x0000014ac6c55ee0, 0x0000014ac6c55a10,
0x0000014ac6c563b0, 0x0000014ac6c57220, 0x0000014ac6c5a710, 0x0000014ac6c546d0,
0x0000014acde0e030, 0x0000014acde0ccf0, 0x0000014acde14070, 0x0000014acde14540,
0x0000014acde0d1c0, 0x0000014acde10b80, 0x0000014acde0fd10, 0x0000014acde11ec0,
0x0000014acde0d690, 0x0000014acde12390, 0x0000014acde0db60, 0x0000014acde0e500,
0x0000014acde12860, 0x0000014acde0e9d0, 0x0000014acde11520, 0x0000014acde0eea0,
0x0000014acde0f370, 0x0000014acde0f840, 0x0000014acde119f0, 0x0000014acde101e0,
0x0000014acde106b0, 0x0000014acde12d30, 0x0000014acde13200, 0x0000014acde136d0,
0x0000014acde13ba0, 0x0000014acde11050, 0x0000014aca3a34a0, 0x0000014aca3a47e0,
0x0000014aca3a6990, 0x0000014aca3a5650, 0x0000014aca3a6e60, 0x0000014aca3a7330,
0x0000014aca3a5180, 0x0000014aca3a64c0, 0x0000014aca3a0480, 0x0000014aca3a7800,
0x0000014aca39ffb0, 0x0000014aca3a5b20, 0x0000014aca3a0950, 0x0000014aca3a2fd0,
0x0000014aca3a2630, 0x0000014aca3a0e20, 0x0000014aca3a17c0, 0x0000014aca3a12f0,
0x0000014aca3a1c90, 0x0000014aca3a4cb0, 0x0000014aca3a5ff0, 0x0000014aca3a2160,
0x0000014aca3a2b00, 0x0000014aca3a3970, 0x0000014aca3a3e40, 0x0000014aca3a4310,
0x0000014ac88f28f0, 0x0000014ac88f3c30, 0x0000014ac88f4aa0, 0x0000014ac88f75f0,
0x0000014ac88f7ac0, 0x0000014ac88f1f50, 0x0000014ac88f2420, 0x0000014ac88f0740,
0x0000014ac88f7120, 0x0000014ac88f45d0, 0x0000014ac88f0c10, 0x0000014ac88f0270,
0x0000014ac88f5440, 0x0000014ac88f3290, 0x0000014ac88f4f70, 0x0000014ac88f5de0,
0x0000014ac88f5910, 0x0000014ac88f4100, 0x0000014ac88f62b0, 0x0000014ac88f6780,
0x0000014ac88f6c50, 0x0000014ac88f3760, 0x0000014ac88f2dc0, 0x0000014ac88f10e0,
0x0000014ac88f15b0, 0x0000014ac88f1a80, 0x0000014aca6cf340, 0x0000014aca6cee70,
0x0000014aca6d1020, 0x0000014aca6cfce0, 0x0000014aca6d14f0, 0x0000014aca6d0680,
0x0000014aca6d0b50, 0x0000014aca6cf810, 0x0000014aca6ce4d0, 0x0000014aca6d01b0,
0x0000014aca6d19c0, 0x0000014aca6ce9a0, 0x0000014aca6d1e90, 0x0000014ac9453780,
0x0000014ac9458e20, 0x0000014ac945ab00, 0x0000014ac9455e00, 0x0000014ac9457fb0,
0x0000014ac94592f0, 0x0000014ac94532b0, 0x0000014ac94597c0, 0x0000014ac9458480,
0x0000014ac9459c90, 0x0000014ac94545f0, 0x0000014ac945a630, 0x0000014ac94567a0,
0x0000014ac9454ac0, 0x0000014ac9454f90, 0x0000014ac9458950, 0x0000014ac945a160,
0x0000014ac9457140, 0x0000014ac9455460, 0x0000014ac9455930, 0x0000014ac94562d0,
0x0000014ac9453c50, 0x0000014ac9456c70, 0x0000014ac9454120, 0x0000014ac9457610,
0x0000014ac9457ae0, 0x0000014ac5efa1f0, 0x0000014ac5efd6e0, 0x0000014ac5efdbb0,
0x0000014ac5efe080, 0x0000014ac5eff890, 0x0000014acc8a2060, 0x0000014acdf36090
}

Java Threads: ( => current thread )
  0x0000014aa66ac2f0 JavaThread "main" [_thread_blocked, id=308, stack(0x0000003235800000,0x0000003235900000)]
  0x0000014ac290ea00 JavaThread "Reference Handler" daemon [_thread_blocked, id=11808, stack(0x0000003235f00000,0x0000003236000000)]
  0x0000014ac345f8f0 JavaThread "Finalizer" daemon [_thread_blocked, id=25504, stack(0x0000003236000000,0x0000003236100000)]
  0x0000014ac34a74d0 JavaThread "Signal Dispatcher" daemon [_thread_blocked, id=16048, stack(0x0000003236100000,0x0000003236200000)]
  0x0000014ac34a8080 JavaThread "Attach Listener" daemon [_thread_blocked, id=21140, stack(0x0000003236200000,0x0000003236300000)]
  0x0000014ac34aaf50 JavaThread "Service Thread" daemon [_thread_blocked, id=27932, stack(0x0000003236300000,0x0000003236400000)]
  0x0000014ac34abb10 JavaThread "Monitor Deflation Thread" daemon [_thread_blocked, id=25844, stack(0x0000003236400000,0x0000003236500000)]
  0x0000014ac34cc800 JavaThread "C2 CompilerThread0" daemon [_thread_blocked, id=12696, stack(0x0000003236500000,0x0000003236600000)]
  0x0000014ac34cd600 JavaThread "C1 CompilerThread0" daemon [_thread_blocked, id=24424, stack(0x0000003236600000,0x0000003236700000)]
  0x0000014ac34d0810 JavaThread "Sweeper thread" daemon [_thread_blocked, id=4220, stack(0x0000003236700000,0x0000003236800000)]
  0x0000014ac3647980 JavaThread "Common-Cleaner" daemon [_thread_blocked, id=2100, stack(0x0000003236800000,0x0000003236900000)]
  0x0000014ac364c270 JavaThread "Notification Thread" daemon [_thread_blocked, id=23224, stack(0x0000003236900000,0x0000003236a00000)]
  0x0000014ac4c88750 JavaThread "Daemon health stats" [_thread_blocked, id=18920, stack(0x0000003237100000,0x0000003237200000)]
  0x0000014ac417cbe0 JavaThread "Incoming local TCP Connector on port 58596" [_thread_in_native, id=16908, stack(0x0000003237200000,0x0000003237300000)]
  0x0000014ac59e28d0 JavaThread "Daemon periodic checks" [_thread_blocked, id=14292, stack(0x0000003237300000,0x0000003237400000)]
  0x0000014ac49550c0 JavaThread "Daemon" [_thread_blocked, id=25780, stack(0x0000003237400000,0x0000003237500000)]
  0x0000014ac4954250 JavaThread "Handler for socket connection from /127.0.0.1:58596 to /127.0.0.1:58597" [_thread_in_native, id=16372, stack(0x0000003237500000,0x0000003237600000)]
  0x0000014ac4955a60 JavaThread "Cancel handler" [_thread_blocked, id=26808, stack(0x0000003237600000,0x0000003237700000)]
  0x0000014ac4955f30 JavaThread "Daemon worker" [_thread_blocked, id=5076, stack(0x0000003237700000,0x0000003237800000)]
  0x0000014ac4956400 JavaThread "Asynchronous log dispatcher for DefaultDaemonConnection: socket connection from /127.0.0.1:58596 to /127.0.0.1:58597" [_thread_blocked, id=24256, stack(0x0000003237800000,0x0000003237900000)]
  0x0000014ac49568d0 JavaThread "Stdin handler" [_thread_blocked, id=10488, stack(0x0000003237900000,0x0000003237a00000)]
  0x0000014ac4955590 JavaThread "Daemon client event forwarder" [_thread_blocked, id=15420, stack(0x0000003237a00000,0x0000003237b00000)]
  0x0000014ac4956da0 JavaThread "Cache worker for journal cache (C:\Users\SHANKHADIP BERA\.gradle\caches\journal-1)" [_thread_blocked, id=14672, stack(0x0000003236c00000,0x0000003236d00000)]
  0x0000014ac4954bf0 JavaThread "File lock request listener" [_thread_in_native, id=12548, stack(0x0000003238200000,0x0000003238300000)]
  0x0000014ac4953d80 JavaThread "Cache worker for file hash cache (C:\Users\SHANKHADIP BERA\.gradle\caches\8.0\fileHashes)" [_thread_blocked, id=26652, stack(0x0000003236b00000,0x0000003236c00000)]
  0x0000014ac49533e0 JavaThread "File lock release action executor" [_thread_blocked, id=23808, stack(0x0000003238400000,0x0000003238500000)]
  0x0000014ac49538b0 JavaThread "File watcher server" daemon [_thread_in_native, id=14160, stack(0x0000003238600000,0x0000003238700000)]
  0x0000014ac4954720 JavaThread "File watcher consumer" daemon [_thread_blocked, id=26012, stack(0x0000003238700000,0x0000003238800000)]
  0x0000014ac6c598a0 JavaThread "jar transforms" [_thread_blocked, id=24772, stack(0x0000003238800000,0x0000003238900000)]
  0x0000014ac6c57bc0 JavaThread "jar transforms Thread 2" [_thread_blocked, id=27260, stack(0x0000003238900000,0x0000003238a00000)]
  0x0000014ac6c55070 JavaThread "jar transforms Thread 3" [_thread_blocked, id=13992, stack(0x0000003238a00000,0x0000003238b00000)]
  0x0000014ac6c5b0b0 JavaThread "jar transforms Thread 4" [_thread_blocked, id=23720, stack(0x0000003238b00000,0x0000003238c00000)]
  0x0000014ac6c56880 JavaThread "jar transforms Thread 5" [_thread_blocked, id=20372, stack(0x0000003238c00000,0x0000003238d00000)]
  0x0000014ac6c5b580 JavaThread "jar transforms Thread 6" [_thread_blocked, id=21648, stack(0x0000003238d00000,0x0000003238e00000)]
  0x0000014ac6c58f00 JavaThread "jar transforms Thread 7" [_thread_blocked, id=23688, stack(0x0000003238e00000,0x0000003238f00000)]
  0x0000014ac6c59d70 JavaThread "jar transforms Thread 8" [_thread_blocked, id=6672, stack(0x0000003238f00000,0x0000003239000000)]
  0x0000014ac6c54ba0 JavaThread "jar transforms Thread 9" [_thread_blocked, id=27132, stack(0x0000003239000000,0x0000003239100000)]
  0x0000014ac6c576f0 JavaThread "jar transforms Thread 10" [_thread_blocked, id=2808, stack(0x0000003239100000,0x0000003239200000)]
  0x0000014ac6c55540 JavaThread "jar transforms Thread 11" [_thread_blocked, id=27612, stack(0x0000003239200000,0x0000003239300000)]
  0x0000014ac6c5bf20 JavaThread "jar transforms Thread 12" [_thread_blocked, id=23756, stack(0x0000003239300000,0x0000003239400000)]
  0x0000014ac6c58090 JavaThread "Cache worker for checksums cache (D:\andro\MyNotes\.gradle\8.0\checksums)" [_thread_blocked, id=11744, stack(0x0000003239400000,0x0000003239500000)]
  0x0000014ac6c593d0 JavaThread "Cache worker for cache directory md-rule (C:\Users\SHANKHADIP BERA\.gradle\caches\8.0\md-rule)" [_thread_blocked, id=19444, stack(0x0000003239500000,0x0000003239600000)]
  0x0000014ac6c55ee0 JavaThread "Cache worker for file content cache (C:\Users\SHANKHADIP BERA\.gradle\caches\8.0\fileContent)" [_thread_blocked, id=26676, stack(0x0000003239600000,0x0000003239700000)]
  0x0000014ac6c55a10 JavaThread "Cache worker for file hash cache (D:\andro\MyNotes\.gradle\8.0\fileHashes)" [_thread_blocked, id=26264, stack(0x0000003239700000,0x0000003239800000)]
  0x0000014ac6c563b0 JavaThread "Cache worker for cache directory md-supplier (C:\Users\SHANKHADIP BERA\.gradle\caches\8.0\md-supplier)" [_thread_blocked, id=9264, stack(0x0000003239800000,0x0000003239900000)]
  0x0000014ac6c57220 JavaThread "Cache worker for execution history cache (C:\Users\SHANKHADIP BERA\.gradle\caches\8.0\executionHistory)" [_thread_blocked, id=26160, stack(0x0000003239900000,0x0000003239a00000)]
  0x0000014ac6c5a710 JavaThread "Cache worker for kotlin-dsl (C:\Users\SHANKHADIP BERA\.gradle\caches\8.0\kotlin-dsl)" [_thread_blocked, id=16720, stack(0x0000003239a00000,0x0000003239b00000)]
  0x0000014ac6c546d0 JavaThread "Cache worker for dependencies-accessors (D:\andro\MyNotes\.gradle\8.0\dependencies-accessors)" [_thread_blocked, id=11068, stack(0x0000003239b00000,0x0000003239c00000)]
  0x0000014acde0e030 JavaThread "Cache worker for Build Output Cleanup Cache (D:\andro\MyNotes\.gradle\buildOutputCleanup)" [_thread_blocked, id=3748, stack(0x0000003239c00000,0x0000003239d00000)]
  0x0000014acde0ccf0 JavaThread "Unconstrained build operations" [_thread_blocked, id=12964, stack(0x0000003239d00000,0x0000003239e00000)]
  0x0000014acde14070 JavaThread "Unconstrained build operations Thread 2" [_thread_blocked, id=8548, stack(0x0000003239e00000,0x0000003239f00000)]
  0x0000014acde14540 JavaThread "Unconstrained build operations Thread 3" [_thread_blocked, id=20332, stack(0x0000003239f00000,0x000000323a000000)]
  0x0000014acde0d1c0 JavaThread "Unconstrained build operations Thread 4" [_thread_blocked, id=25200, stack(0x000000323a000000,0x000000323a100000)]
  0x0000014acde10b80 JavaThread "Unconstrained build operations Thread 5" [_thread_blocked, id=26492, stack(0x000000323a100000,0x000000323a200000)]
  0x0000014acde0fd10 JavaThread "Unconstrained build operations Thread 6" [_thread_blocked, id=13292, stack(0x000000323a200000,0x000000323a300000)]
  0x0000014acde11ec0 JavaThread "Unconstrained build operations Thread 7" [_thread_blocked, id=17144, stack(0x000000323a300000,0x000000323a400000)]
  0x0000014acde0d690 JavaThread "Unconstrained build operations Thread 8" [_thread_blocked, id=17636, stack(0x000000323a400000,0x000000323a500000)]
  0x0000014acde12390 JavaThread "Unconstrained build operations Thread 9" [_thread_blocked, id=27416, stack(0x000000323a500000,0x000000323a600000)]
  0x0000014acde0db60 JavaThread "Unconstrained build operations Thread 10" [_thread_blocked, id=27368, stack(0x000000323a600000,0x000000323a700000)]
  0x0000014acde0e500 JavaThread "Unconstrained build operations Thread 11" [_thread_blocked, id=26016, stack(0x000000323a700000,0x000000323a800000)]
  0x0000014acde12860 JavaThread "Unconstrained build operations Thread 12" [_thread_blocked, id=24656, stack(0x000000323a800000,0x000000323a900000)]
  0x0000014acde0e9d0 JavaThread "Unconstrained build operations Thread 13" [_thread_blocked, id=24640, stack(0x000000323a900000,0x000000323aa00000)]
  0x0000014acde11520 JavaThread "Unconstrained build operations Thread 14" [_thread_blocked, id=11860, stack(0x000000323aa00000,0x000000323ab00000)]
  0x0000014acde0eea0 JavaThread "Unconstrained build operations Thread 15" [_thread_blocked, id=27040, stack(0x000000323ab00000,0x000000323ac00000)]
  0x0000014acde0f370 JavaThread "Unconstrained build operations Thread 16" [_thread_blocked, id=4476, stack(0x000000323ac00000,0x000000323ad00000)]
  0x0000014acde0f840 JavaThread "Unconstrained build operations Thread 17" [_thread_blocked, id=15308, stack(0x000000323ad00000,0x000000323ae00000)]
  0x0000014acde119f0 JavaThread "Unconstrained build operations Thread 18" [_thread_blocked, id=21044, stack(0x000000323ae00000,0x000000323af00000)]
  0x0000014acde101e0 JavaThread "Unconstrained build operations Thread 19" [_thread_blocked, id=10652, stack(0x000000323af00000,0x000000323b000000)]
  0x0000014acde106b0 JavaThread "Unconstrained build operations Thread 20" [_thread_blocked, id=11944, stack(0x000000323b000000,0x000000323b100000)]
  0x0000014acde12d30 JavaThread "Unconstrained build operations Thread 21" [_thread_blocked, id=4660, stack(0x000000323b100000,0x000000323b200000)]
  0x0000014acde13200 JavaThread "Unconstrained build operations Thread 22" [_thread_blocked, id=2176, stack(0x000000323b200000,0x000000323b300000)]
  0x0000014acde136d0 JavaThread "Unconstrained build operations Thread 23" [_thread_blocked, id=16144, stack(0x000000323b300000,0x000000323b400000)]
  0x0000014acde13ba0 JavaThread "Unconstrained build operations Thread 24" [_thread_blocked, id=6496, stack(0x000000323b400000,0x000000323b500000)]
  0x0000014acde11050 JavaThread "Unconstrained build operations Thread 25" [_thread_blocked, id=20044, stack(0x000000323b500000,0x000000323b600000)]
  0x0000014aca3a34a0 JavaThread "Unconstrained build operations Thread 26" [_thread_blocked, id=19064, stack(0x000000323b600000,0x000000323b700000)]
  0x0000014aca3a47e0 JavaThread "Unconstrained build operations Thread 27" [_thread_blocked, id=5008, stack(0x000000323b700000,0x000000323b800000)]
  0x0000014aca3a6990 JavaThread "Unconstrained build operations Thread 28" [_thread_blocked, id=21256, stack(0x000000323b800000,0x000000323b900000)]
  0x0000014aca3a5650 JavaThread "Unconstrained build operations Thread 29" [_thread_blocked, id=23476, stack(0x000000323b900000,0x000000323ba00000)]
  0x0000014aca3a6e60 JavaThread "Unconstrained build operations Thread 30" [_thread_blocked, id=12384, stack(0x000000323ba00000,0x000000323bb00000)]
  0x0000014aca3a7330 JavaThread "Unconstrained build operations Thread 31" [_thread_blocked, id=2264, stack(0x000000323bb00000,0x000000323bc00000)]
  0x0000014aca3a5180 JavaThread "Unconstrained build operations Thread 32" [_thread_blocked, id=23548, stack(0x000000323bc00000,0x000000323bd00000)]
  0x0000014aca3a64c0 JavaThread "Unconstrained build operations Thread 33" [_thread_blocked, id=8852, stack(0x000000323bd00000,0x000000323be00000)]
  0x0000014aca3a0480 JavaThread "Unconstrained build operations Thread 34" [_thread_blocked, id=25268, stack(0x000000323be00000,0x000000323bf00000)]
  0x0000014aca3a7800 JavaThread "Unconstrained build operations Thread 35" [_thread_blocked, id=10356, stack(0x000000323bf00000,0x000000323c000000)]
  0x0000014aca39ffb0 JavaThread "Unconstrained build operations Thread 36" [_thread_blocked, id=15408, stack(0x000000323c000000,0x000000323c100000)]
  0x0000014aca3a5b20 JavaThread "Unconstrained build operations Thread 37" [_thread_blocked, id=22572, stack(0x000000323c100000,0x000000323c200000)]
  0x0000014aca3a0950 JavaThread "Unconstrained build operations Thread 38" [_thread_blocked, id=4472, stack(0x000000323c200000,0x000000323c300000)]
  0x0000014aca3a2fd0 JavaThread "Unconstrained build operations Thread 39" [_thread_blocked, id=24572, stack(0x000000323c300000,0x000000323c400000)]
  0x0000014aca3a2630 JavaThread "Unconstrained build operations Thread 40" [_thread_blocked, id=14892, stack(0x000000323c400000,0x000000323c500000)]
  0x0000014aca3a0e20 JavaThread "Unconstrained build operations Thread 41" [_thread_blocked, id=22592, stack(0x000000323c500000,0x000000323c600000)]
  0x0000014aca3a17c0 JavaThread "Unconstrained build operations Thread 42" [_thread_blocked, id=14888, stack(0x000000323c600000,0x000000323c700000)]
  0x0000014aca3a12f0 JavaThread "Unconstrained build operations Thread 43" [_thread_blocked, id=20328, stack(0x000000323c700000,0x000000323c800000)]
  0x0000014aca3a1c90 JavaThread "Unconstrained build operations Thread 44" [_thread_blocked, id=3216, stack(0x000000323c800000,0x000000323c900000)]
  0x0000014aca3a4cb0 JavaThread "Unconstrained build operations Thread 45" [_thread_blocked, id=28332, stack(0x000000323c900000,0x000000323ca00000)]
  0x0000014aca3a5ff0 JavaThread "Unconstrained build operations Thread 46" [_thread_blocked, id=19100, stack(0x000000323ca00000,0x000000323cb00000)]
  0x0000014aca3a2160 JavaThread "Unconstrained build operations Thread 47" [_thread_blocked, id=27420, stack(0x000000323cb00000,0x000000323cc00000)]
  0x0000014aca3a2b00 JavaThread "Unconstrained build operations Thread 48" [_thread_blocked, id=20604, stack(0x000000323cc00000,0x000000323cd00000)]
  0x0000014aca3a3970 JavaThread "Unconstrained build operations Thread 49" [_thread_blocked, id=28256, stack(0x000000323cd00000,0x000000323ce00000)]
  0x0000014aca3a3e40 JavaThread "Unconstrained build operations Thread 50" [_thread_blocked, id=28556, stack(0x000000323ce00000,0x000000323cf00000)]
  0x0000014aca3a4310 JavaThread "Unconstrained build operations Thread 51" [_thread_blocked, id=15412, stack(0x000000323cf00000,0x000000323d000000)]
  0x0000014ac88f28f0 JavaThread "Unconstrained build operations Thread 52" [_thread_blocked, id=1816, stack(0x000000323d000000,0x000000323d100000)]
  0x0000014ac88f3c30 JavaThread "Unconstrained build operations Thread 53" [_thread_blocked, id=27108, stack(0x000000323d100000,0x000000323d200000)]
  0x0000014ac88f4aa0 JavaThread "Unconstrained build operations Thread 54" [_thread_blocked, id=25700, stack(0x000000323d200000,0x000000323d300000)]
  0x0000014ac88f75f0 JavaThread "Unconstrained build operations Thread 55" [_thread_blocked, id=22384, stack(0x000000323d300000,0x000000323d400000)]
  0x0000014ac88f7ac0 JavaThread "Unconstrained build operations Thread 56" [_thread_blocked, id=17748, stack(0x000000323d400000,0x000000323d500000)]
  0x0000014ac88f1f50 JavaThread "Unconstrained build operations Thread 57" [_thread_blocked, id=15320, stack(0x000000323d500000,0x000000323d600000)]
  0x0000014ac88f2420 JavaThread "Unconstrained build operations Thread 58" [_thread_blocked, id=22800, stack(0x000000323d600000,0x000000323d700000)]
  0x0000014ac88f0740 JavaThread "Unconstrained build operations Thread 59" [_thread_blocked, id=28424, stack(0x000000323d700000,0x000000323d800000)]
  0x0000014ac88f7120 JavaThread "Unconstrained build operations Thread 60" [_thread_blocked, id=6480, stack(0x000000323d800000,0x000000323d900000)]
  0x0000014ac88f45d0 JavaThread "Unconstrained build operations Thread 61" [_thread_blocked, id=24440, stack(0x000000323d900000,0x000000323da00000)]
  0x0000014ac88f0c10 JavaThread "Unconstrained build operations Thread 62" [_thread_blocked, id=21372, stack(0x000000323da00000,0x000000323db00000)]
  0x0000014ac88f0270 JavaThread "Unconstrained build operations Thread 63" [_thread_blocked, id=20864, stack(0x000000323db00000,0x000000323dc00000)]
  0x0000014ac88f5440 JavaThread "Unconstrained build operations Thread 64" [_thread_blocked, id=17432, stack(0x000000323dc00000,0x000000323dd00000)]
  0x0000014ac88f3290 JavaThread "Unconstrained build operations Thread 65" [_thread_blocked, id=16976, stack(0x000000323dd00000,0x000000323de00000)]
  0x0000014ac88f4f70 JavaThread "Unconstrained build operations Thread 66" [_thread_blocked, id=9804, stack(0x000000323de00000,0x000000323df00000)]
  0x0000014ac88f5de0 JavaThread "Unconstrained build operations Thread 67" [_thread_blocked, id=13972, stack(0x000000323df00000,0x000000323e000000)]
  0x0000014ac88f5910 JavaThread "Unconstrained build operations Thread 68" [_thread_blocked, id=27720, stack(0x000000323e000000,0x000000323e100000)]
  0x0000014ac88f4100 JavaThread "Unconstrained build operations Thread 69" [_thread_blocked, id=10812, stack(0x000000323e100000,0x000000323e200000)]
  0x0000014ac88f62b0 JavaThread "Unconstrained build operations Thread 70" [_thread_blocked, id=27076, stack(0x000000323e200000,0x000000323e300000)]
  0x0000014ac88f6780 JavaThread "Unconstrained build operations Thread 71" [_thread_blocked, id=19396, stack(0x000000323e300000,0x000000323e400000)]
  0x0000014ac88f6c50 JavaThread "Unconstrained build operations Thread 72" [_thread_blocked, id=27912, stack(0x000000323e400000,0x000000323e500000)]
  0x0000014ac88f3760 JavaThread "Unconstrained build operations Thread 73" [_thread_blocked, id=26636, stack(0x000000323e500000,0x000000323e600000)]
  0x0000014ac88f2dc0 JavaThread "Unconstrained build operations Thread 74" [_thread_blocked, id=24852, stack(0x000000323e600000,0x000000323e700000)]
  0x0000014ac88f10e0 JavaThread "Unconstrained build operations Thread 75" [_thread_blocked, id=27528, stack(0x000000323e700000,0x000000323e800000)]
  0x0000014ac88f15b0 JavaThread "Unconstrained build operations Thread 76" [_thread_blocked, id=18112, stack(0x000000323e800000,0x000000323e900000)]
  0x0000014ac88f1a80 JavaThread "Unconstrained build operations Thread 77" [_thread_blocked, id=10816, stack(0x000000323e900000,0x000000323ea00000)]
  0x0000014aca6cf340 JavaThread "Unconstrained build operations Thread 78" [_thread_blocked, id=27304, stack(0x000000323ea00000,0x000000323eb00000)]
  0x0000014aca6cee70 JavaThread "Unconstrained build operations Thread 79" [_thread_blocked, id=28640, stack(0x000000323eb00000,0x000000323ec00000)]
  0x0000014aca6d1020 JavaThread "Unconstrained build operations Thread 80" [_thread_blocked, id=24780, stack(0x000000323ec00000,0x000000323ed00000)]
  0x0000014aca6cfce0 JavaThread "Unconstrained build operations Thread 81" [_thread_blocked, id=9212, stack(0x000000323ed00000,0x000000323ee00000)]
  0x0000014aca6d14f0 JavaThread "Unconstrained build operations Thread 82" [_thread_blocked, id=26304, stack(0x000000323ee00000,0x000000323ef00000)]
  0x0000014aca6d0680 JavaThread "Unconstrained build operations Thread 83" [_thread_blocked, id=28348, stack(0x000000323ef00000,0x000000323f000000)]
  0x0000014aca6d0b50 JavaThread "Unconstrained build operations Thread 84" [_thread_blocked, id=27584, stack(0x000000323f000000,0x000000323f100000)]
  0x0000014aca6cf810 JavaThread "Unconstrained build operations Thread 85" [_thread_blocked, id=27752, stack(0x000000323f100000,0x000000323f200000)]
  0x0000014aca6ce4d0 JavaThread "Unconstrained build operations Thread 86" [_thread_blocked, id=6408, stack(0x000000323f200000,0x000000323f300000)]
  0x0000014aca6d01b0 JavaThread "Unconstrained build operations Thread 87" [_thread_blocked, id=17676, stack(0x000000323f300000,0x000000323f400000)]
  0x0000014aca6d19c0 JavaThread "Unconstrained build operations Thread 88" [_thread_blocked, id=12164, stack(0x000000323f400000,0x000000323f500000)]
  0x0000014aca6ce9a0 JavaThread "Unconstrained build operations Thread 89" [_thread_blocked, id=25496, stack(0x000000323f500000,0x000000323f600000)]
  0x0000014aca6d1e90 JavaThread "Unconstrained build operations Thread 90" [_thread_blocked, id=24520, stack(0x000000323f600000,0x000000323f700000)]
  0x0000014ac9453780 JavaThread "Unconstrained build operations Thread 91" [_thread_blocked, id=18716, stack(0x000000323f700000,0x000000323f800000)]
  0x0000014ac9458e20 JavaThread "Unconstrained build operations Thread 92" [_thread_blocked, id=13460, stack(0x000000323f800000,0x000000323f900000)]
  0x0000014ac945ab00 JavaThread "Unconstrained build operations Thread 93" [_thread_blocked, id=13744, stack(0x000000323f900000,0x000000323fa00000)]
  0x0000014ac9455e00 JavaThread "Unconstrained build operations Thread 94" [_thread_blocked, id=27316, stack(0x000000323fa00000,0x000000323fb00000)]
  0x0000014ac9457fb0 JavaThread "Unconstrained build operations Thread 95" [_thread_blocked, id=15760, stack(0x000000323fb00000,0x000000323fc00000)]
  0x0000014ac94592f0 JavaThread "Unconstrained build operations Thread 96" [_thread_blocked, id=26876, stack(0x000000323fc00000,0x000000323fd00000)]
  0x0000014ac94532b0 JavaThread "Unconstrained build operations Thread 97" [_thread_blocked, id=13180, stack(0x000000323fd00000,0x000000323fe00000)]
  0x0000014ac94597c0 JavaThread "Unconstrained build operations Thread 98" [_thread_blocked, id=25956, stack(0x000000323fe00000,0x000000323ff00000)]
  0x0000014ac9458480 JavaThread "Unconstrained build operations Thread 99" [_thread_blocked, id=21932, stack(0x000000323ff00000,0x0000003240000000)]
  0x0000014ac9459c90 JavaThread "Unconstrained build operations Thread 100" [_thread_blocked, id=28300, stack(0x0000003240000000,0x0000003240100000)]
  0x0000014ac94545f0 JavaThread "Unconstrained build operations Thread 101" [_thread_blocked, id=13484, stack(0x0000003240100000,0x0000003240200000)]
  0x0000014ac945a630 JavaThread "Unconstrained build operations Thread 102" [_thread_blocked, id=22668, stack(0x0000003240200000,0x0000003240300000)]
  0x0000014ac94567a0 JavaThread "Unconstrained build operations Thread 103" [_thread_blocked, id=2404, stack(0x0000003240300000,0x0000003240400000)]
  0x0000014ac9454ac0 JavaThread "Unconstrained build operations Thread 104" [_thread_blocked, id=2376, stack(0x0000003240400000,0x0000003240500000)]
  0x0000014ac9454f90 JavaThread "Unconstrained build operations Thread 105" [_thread_blocked, id=26936, stack(0x0000003240500000,0x0000003240600000)]
  0x0000014ac9458950 JavaThread "Unconstrained build operations Thread 106" [_thread_blocked, id=10792, stack(0x0000003240600000,0x0000003240700000)]
  0x0000014ac945a160 JavaThread "Unconstrained build operations Thread 107" [_thread_blocked, id=6080, stack(0x0000003240700000,0x0000003240800000)]
  0x0000014ac9457140 JavaThread "Unconstrained build operations Thread 108" [_thread_blocked, id=15380, stack(0x0000003240800000,0x0000003240900000)]
  0x0000014ac9455460 JavaThread "Unconstrained build operations Thread 109" [_thread_blocked, id=28076, stack(0x0000003240900000,0x0000003240a00000)]
  0x0000014ac9455930 JavaThread "Unconstrained build operations Thread 110" [_thread_blocked, id=13824, stack(0x0000003240a00000,0x0000003240b00000)]
  0x0000014ac94562d0 JavaThread "Unconstrained build operations Thread 111" [_thread_blocked, id=27748, stack(0x0000003240b00000,0x0000003240c00000)]
  0x0000014ac9453c50 JavaThread "Unconstrained build operations Thread 112" [_thread_blocked, id=26372, stack(0x0000003240c00000,0x0000003240d00000)]
  0x0000014ac9456c70 JavaThread "Unconstrained build operations Thread 113" [_thread_blocked, id=3224, stack(0x0000003240d00000,0x0000003240e00000)]
  0x0000014ac9454120 JavaThread "Unconstrained build operations Thread 114" [_thread_blocked, id=17112, stack(0x0000003240e00000,0x0000003240f00000)]
  0x0000014ac9457610 JavaThread "Unconstrained build operations Thread 115" [_thread_blocked, id=20240, stack(0x0000003240f00000,0x0000003241000000)]
  0x0000014ac9457ae0 JavaThread "Unconstrained build operations Thread 116" [_thread_blocked, id=22088, stack(0x0000003241000000,0x0000003241100000)]
  0x0000014ac5efa1f0 JavaThread "Unconstrained build operations Thread 117" [_thread_blocked, id=24728, stack(0x0000003241100000,0x0000003241200000)]
  0x0000014ac5efd6e0 JavaThread "Unconstrained build operations Thread 118" [_thread_blocked, id=17280, stack(0x0000003241200000,0x0000003241300000)]
  0x0000014ac5efdbb0 JavaThread "Unconstrained build operations Thread 119" [_thread_blocked, id=11904, stack(0x0000003241300000,0x0000003241400000)]
  0x0000014ac5efe080 JavaThread "Unconstrained build operations Thread 120" [_thread_blocked, id=13436, stack(0x0000003241400000,0x0000003241500000)]
  0x0000014ac5eff890 JavaThread "Memory manager" [_thread_blocked, id=28008, stack(0x0000003238500000,0x0000003238600000)]
  0x0000014acc8a2060 JavaThread "C2 CompilerThread1" daemon [_thread_blocked, id=16408, stack(0x0000003238300000,0x0000003238400000)]
  0x0000014acdf36090 JavaThread "C2 CompilerThread2" daemon [_thread_blocked, id=13764, stack(0x0000003241500000,0x0000003241600000)]

Other Threads:
=>0x0000014ac290de00 VMThread "VM Thread" [stack: 0x0000003235e00000,0x0000003235f00000] [id=26532]
  0x0000014aa676a1d0 WatcherThread [stack: 0x0000003236a00000,0x0000003236b00000] [id=3028]
  0x0000014aa6708880 GCTaskThread "GC Thread#0" [stack: 0x0000003235900000,0x0000003235a00000] [id=27084]
  0x0000014ac4487f20 GCTaskThread "GC Thread#1" [stack: 0x0000003236d00000,0x0000003236e00000] [id=7140]
  0x0000014ac44881d0 GCTaskThread "GC Thread#2" [stack: 0x0000003236e00000,0x0000003236f00000] [id=2128]
  0x0000014ac3fb6020 GCTaskThread "GC Thread#3" [stack: 0x0000003236f00000,0x0000003237000000] [id=20528]
  0x0000014ac3fb62d0 GCTaskThread "GC Thread#4" [stack: 0x0000003237000000,0x0000003237100000] [id=25764]
  0x0000014ac5e8c440 GCTaskThread "GC Thread#5" [stack: 0x0000003237b00000,0x0000003237c00000] [id=26360]
  0x0000014ac5a62c30 GCTaskThread "GC Thread#6" [stack: 0x0000003237c00000,0x0000003237d00000] [id=15316]
  0x0000014ac4af4850 GCTaskThread "GC Thread#7" [stack: 0x0000003237d00000,0x0000003237e00000] [id=13248]
  0x0000014ac4c10550 GCTaskThread "GC Thread#8" [stack: 0x0000003237e00000,0x0000003237f00000] [id=17552]
  0x0000014ac62f6940 GCTaskThread "GC Thread#9" [stack: 0x0000003237f00000,0x0000003238000000] [id=9688]
  0x0000014aa67197c0 ConcurrentGCThread "G1 Main Marker" [stack: 0x0000003235a00000,0x0000003235b00000] [id=4756]
  0x0000014aa671b9f0 ConcurrentGCThread "G1 Conc#0" [stack: 0x0000003235b00000,0x0000003235c00000] [id=21380]
  0x0000014ac4ca7450 ConcurrentGCThread "G1 Conc#1" [stack: 0x0000003238000000,0x0000003238100000] [id=3080]
  0x0000014ac43d0f40 ConcurrentGCThread "G1 Conc#2" [stack: 0x0000003238100000,0x0000003238200000] [id=18204]
  0x0000014ac27b2ac0 ConcurrentGCThread "G1 Refine#0" [stack: 0x0000003235c00000,0x0000003235d00000] [id=3664]
  0x0000014ac27b33f0 ConcurrentGCThread "G1 Service" [stack: 0x0000003235d00000,0x0000003235e00000] [id=27988]

Threads with active compile tasks:
C2 CompilerThread0    16211 8390 %     4       org.objectweb.asm.ByteVector::encodeUtf8 @ 159 (337 bytes)
C2 CompilerThread2    16211 8391       4       java.lang.StringBuilder::toString (35 bytes)

VM state: at safepoint (normal execution)

VM Mutex/Monitor currently owned by a thread:  ([mutex/lock_event])
[0x0000014aa64da9c0] Threads_lock - owner thread: 0x0000014ac290de00
[0x0000014aa64dbe00] Heap_lock - owner thread: 0x0000014ac4955f30

Heap address: 0x0000000080000000, size: 2048 MB, Compressed Oops mode: 32-bit

CDS archive(s) not mapped
Compressed class space mapped at: 0x0000000100000000-0x0000000140000000, reserved size: 1073741824
Narrow klass base: 0x0000000000000000, Narrow klass shift: 3, Narrow klass range: 0x140000000

GC Precious Log:
 CPUs: 12 total, 12 available
 Memory: 15693M
 Large Page Support: Disabled
 NUMA Support: Disabled
 Compressed Oops: Enabled (32-bit)
 Heap Region Size: 1M
 Heap Min Capacity: 8M
 Heap Initial Capacity: 246M
 Heap Max Capacity: 2G
 Pre-touch: Disabled
 Parallel Workers: 10
 Concurrent Workers: 3
 Concurrent Refinement Workers: 10
 Periodic GC: Disabled

Heap:
 garbage-first heap   total 209920K, used 103468K [0x0000000080000000, 0x0000000100000000)
  region size 1024K, 3 young (3072K), 3 survivors (3072K)
 Metaspace       used 84921K, committed 85632K, reserved 1130496K
  class space    used 11508K, committed 11840K, reserved 1048576K

Heap Regions: E=young(eden), S=young(survivor), O=old, HS=humongous(starts), HC=humongous(continues), CS=collection set, F=free, OA=open archive, CA=closed archive, TAMS=top-at-mark-start (previous, next)
|   0|0x0000000080000000, 0x0000000080100000, 0x0000000080100000|100%|HS|  |TAMS 0x0000000080100000, 0x0000000080100000| Complete 
|   1|0x0000000080100000, 0x0000000080200000, 0x0000000080200000|100%|HC|  |TAMS 0x0000000080200000, 0x0000000080200000| Complete 
|   2|0x0000000080200000, 0x0000000080300000, 0x0000000080300000|100%|HC|  |TAMS 0x0000000080300000, 0x0000000080300000| Complete 
|   3|0x0000000080300000, 0x0000000080400000, 0x0000000080400000|100%|HC|  |TAMS 0x0000000080400000, 0x0000000080400000| Complete 
|   4|0x0000000080400000, 0x0000000080500000, 0x0000000080500000|100%| O|  |TAMS 0x0000000080500000, 0x0000000080500000| Untracked 
|   5|0x0000000080500000, 0x0000000080600000, 0x0000000080600000|100%| O|  |TAMS 0x0000000080600000, 0x0000000080600000| Untracked 
|   6|0x0000000080600000, 0x0000000080700000, 0x0000000080700000|100%| O|  |TAMS 0x0000000080700000, 0x0000000080700000| Untracked 
|   7|0x0000000080700000, 0x0000000080800000, 0x0000000080800000|100%| O|  |TAMS 0x0000000080800000, 0x0000000080800000| Untracked 
|   8|0x0000000080800000, 0x0000000080900000, 0x0000000080900000|100%| O|  |TAMS 0x0000000080900000, 0x0000000080900000| Untracked 
|   9|0x0000000080900000, 0x0000000080a00000, 0x0000000080a00000|100%| O|  |TAMS 0x0000000080a00000, 0x0000000080a00000| Untracked 
|  10|0x0000000080a00000, 0x0000000080b00000, 0x0000000080b00000|100%| O|  |TAMS 0x0000000080b00000, 0x0000000080b00000| Untracked 
|  11|0x0000000080b00000, 0x0000000080c00000, 0x0000000080c00000|100%| O|  |TAMS 0x0000000080c00000, 0x0000000080c00000| Untracked 
|  12|0x0000000080c00000, 0x0000000080d00000, 0x0000000080d00000|100%| O|  |TAMS 0x0000000080d00000, 0x0000000080d00000| Untracked 
|  13|0x0000000080d00000, 0x0000000080e00000, 0x0000000080e00000|100%| O|  |TAMS 0x0000000080e00000, 0x0000000080e00000| Untracked 
|  14|0x0000000080e00000, 0x0000000080f00000, 0x0000000080f00000|100%| O|  |TAMS 0x0000000080f00000, 0x0000000080f00000| Untracked 
|  15|0x0000000080f00000, 0x0000000081000000, 0x0000000081000000|100%| O|  |TAMS 0x0000000081000000, 0x0000000081000000| Untracked 
|  16|0x0000000081000000, 0x0000000081100000, 0x0000000081100000|100%| O|  |TAMS 0x0000000081100000, 0x0000000081100000| Untracked 
|  17|0x0000000081100000, 0x0000000081200000, 0x0000000081200000|100%| O|  |TAMS 0x0000000081200000, 0x0000000081200000| Untracked 
|  18|0x0000000081200000, 0x0000000081300000, 0x0000000081300000|100%| O|  |TAMS 0x0000000081300000, 0x0000000081300000| Untracked 
|  19|0x0000000081300000, 0x0000000081400000, 0x0000000081400000|100%|HS|  |TAMS 0x0000000081400000, 0x0000000081400000| Complete 
|  20|0x0000000081400000, 0x0000000081500000, 0x0000000081500000|100%|HC|  |TAMS 0x0000000081500000, 0x0000000081500000| Complete 
|  21|0x0000000081500000, 0x0000000081600000, 0x0000000081600000|100%|HS|  |TAMS 0x0000000081600000, 0x0000000081600000| Complete 
|  22|0x0000000081600000, 0x0000000081700000, 0x0000000081700000|100%|HC|  |TAMS 0x0000000081700000, 0x0000000081700000| Complete 
|  23|0x0000000081700000, 0x0000000081800000, 0x0000000081800000|100%|HC|  |TAMS 0x0000000081800000, 0x0000000081800000| Complete 
|  24|0x0000000081800000, 0x0000000081900000, 0x0000000081900000|100%| O|  |TAMS 0x0000000081900000, 0x0000000081900000| Untracked 
|  25|0x0000000081900000, 0x0000000081a00000, 0x0000000081a00000|100%| O|  |TAMS 0x0000000081a00000, 0x0000000081a00000| Untracked 
|  26|0x0000000081a00000, 0x0000000081b00000, 0x0000000081b00000|100%| O|  |TAMS 0x0000000081b00000, 0x0000000081b00000| Untracked 
|  27|0x0000000081b00000, 0x0000000081c00000, 0x0000000081c00000|100%|HS|  |TAMS 0x0000000081c00000, 0x0000000081c00000| Complete 
|  28|0x0000000081c00000, 0x0000000081d00000, 0x0000000081d00000|100%|HC|  |TAMS 0x0000000081d00000, 0x0000000081d00000| Complete 
|  29|0x0000000081d00000, 0x0000000081e00000, 0x0000000081e00000|100%|HC|  |TAMS 0x0000000081e00000, 0x0000000081e00000| Complete 
|  30|0x0000000081e00000, 0x0000000081f00000, 0x0000000081f00000|100%| O|  |TAMS 0x0000000081f00000, 0x0000000081f00000| Untracked 
|  31|0x0000000081f00000, 0x0000000082000000, 0x0000000082000000|100%| O|  |TAMS 0x0000000082000000, 0x0000000082000000| Untracked 
|  32|0x0000000082000000, 0x0000000082100000, 0x0000000082100000|100%| O|  |TAMS 0x0000000082100000, 0x0000000082100000| Untracked 
|  33|0x0000000082100000, 0x0000000082200000, 0x0000000082200000|100%| O|  |TAMS 0x0000000082200000, 0x0000000082200000| Untracked 
|  34|0x0000000082200000, 0x0000000082300000, 0x0000000082300000|100%|HS|  |TAMS 0x0000000082300000, 0x0000000082300000| Complete 
|  35|0x0000000082300000, 0x0000000082400000, 0x0000000082400000|100%|HC|  |TAMS 0x0000000082400000, 0x0000000082400000| Complete 
|  36|0x0000000082400000, 0x0000000082500000, 0x0000000082500000|100%| O|  |TAMS 0x0000000082500000, 0x0000000082500000| Untracked 
|  37|0x0000000082500000, 0x0000000082600000, 0x0000000082600000|100%|HS|  |TAMS 0x0000000082600000, 0x0000000082600000| Complete 
|  38|0x0000000082600000, 0x0000000082700000, 0x0000000082700000|100%| O|  |TAMS 0x0000000082700000, 0x0000000082700000| Untracked 
|  39|0x0000000082700000, 0x0000000082800000, 0x0000000082800000|100%| O|  |TAMS 0x0000000082800000, 0x0000000082800000| Untracked 
|  40|0x0000000082800000, 0x0000000082900000, 0x0000000082900000|100%| O|  |TAMS 0x0000000082900000, 0x0000000082900000| Untracked 
|  41|0x0000000082900000, 0x0000000082a00000, 0x0000000082a00000|100%| O|  |TAMS 0x0000000082a00000, 0x0000000082a00000| Untracked 
|  42|0x0000000082a00000, 0x0000000082b00000, 0x0000000082b00000|100%| O|  |TAMS 0x0000000082b00000, 0x0000000082b00000| Untracked 
|  43|0x0000000082b00000, 0x0000000082c00000, 0x0000000082c00000|100%| O|  |TAMS 0x0000000082c00000, 0x0000000082c00000| Untracked 
|  44|0x0000000082c00000, 0x0000000082d00000, 0x0000000082d00000|100%|HS|  |TAMS 0x0000000082d00000, 0x0000000082d00000| Complete 
|  45|0x0000000082d00000, 0x0000000082e00000, 0x0000000082e00000|100%|HC|  |TAMS 0x0000000082e00000, 0x0000000082e00000| Complete 
|  46|0x0000000082e00000, 0x0000000082f00000, 0x0000000082f00000|100%|HC|  |TAMS 0x0000000082f00000, 0x0000000082f00000| Complete 
|  47|0x0000000082f00000, 0x0000000083000000, 0x0000000083000000|100%|HC|  |TAMS 0x0000000083000000, 0x0000000083000000| Complete 
|  48|0x0000000083000000, 0x0000000083100000, 0x0000000083100000|100%|HC|  |TAMS 0x0000000083100000, 0x0000000083100000| Complete 
|  49|0x0000000083100000, 0x0000000083200000, 0x0000000083200000|100%|HC|  |TAMS 0x0000000083200000, 0x0000000083200000| Complete 
|  50|0x0000000083200000, 0x0000000083300000, 0x0000000083300000|100%|HC|  |TAMS 0x0000000083300000, 0x0000000083300000| Complete 
|  51|0x0000000083300000, 0x0000000083400000, 0x0000000083400000|100%|HC|  |TAMS 0x0000000083400000, 0x0000000083400000| Complete 
|  52|0x0000000083400000, 0x0000000083500000, 0x0000000083500000|100%|HC|  |TAMS 0x0000000083500000, 0x0000000083500000| Complete 
|  53|0x0000000083500000, 0x0000000083600000, 0x0000000083600000|100%|HC|  |TAMS 0x0000000083600000, 0x0000000083600000| Complete 
|  54|0x0000000083600000, 0x0000000083700000, 0x0000000083700000|100%|HC|  |TAMS 0x0000000083700000, 0x0000000083700000| Complete 
|  55|0x0000000083700000, 0x0000000083800000, 0x0000000083800000|100%|HC|  |TAMS 0x0000000083800000, 0x0000000083800000| Complete 
|  56|0x0000000083800000, 0x0000000083900000, 0x0000000083900000|100%| O|  |TAMS 0x0000000083900000, 0x0000000083900000| Untracked 
|  57|0x0000000083900000, 0x0000000083a00000, 0x0000000083a00000|100%| O|  |TAMS 0x0000000083a00000, 0x0000000083a00000| Untracked 
|  58|0x0000000083a00000, 0x0000000083b00000, 0x0000000083b00000|100%|HS|  |TAMS 0x0000000083b00000, 0x0000000083b00000| Complete 
|  59|0x0000000083b00000, 0x0000000083c00000, 0x0000000083c00000|100%|HC|  |TAMS 0x0000000083c00000, 0x0000000083c00000| Complete 
|  60|0x0000000083c00000, 0x0000000083d00000, 0x0000000083d00000|100%|HC|  |TAMS 0x0000000083d00000, 0x0000000083d00000| Complete 
|  61|0x0000000083d00000, 0x0000000083e00000, 0x0000000083e00000|100%|HS|  |TAMS 0x0000000083e00000, 0x0000000083e00000| Complete 
|  62|0x0000000083e00000, 0x0000000083f00000, 0x0000000083f00000|100%|HC|  |TAMS 0x0000000083f00000, 0x0000000083f00000| Complete 
|  63|0x0000000083f00000, 0x0000000084000000, 0x0000000084000000|100%|HC|  |TAMS 0x0000000084000000, 0x0000000084000000| Complete 
|  64|0x0000000084000000, 0x0000000084100000, 0x0000000084100000|100%| O|  |TAMS 0x0000000084100000, 0x0000000084100000| Untracked 
|  65|0x0000000084100000, 0x0000000084200000, 0x0000000084200000|100%| O|  |TAMS 0x0000000084200000, 0x0000000084200000| Untracked 
|  66|0x0000000084200000, 0x0000000084300000, 0x0000000084300000|100%| O|  |TAMS 0x0000000084300000, 0x0000000084300000| Untracked 
|  67|0x0000000084300000, 0x0000000084400000, 0x0000000084400000|100%| O|  |TAMS 0x0000000084400000, 0x0000000084400000| Untracked 
|  68|0x0000000084400000, 0x0000000084500000, 0x0000000084500000|100%| O|  |TAMS 0x0000000084500000, 0x0000000084500000| Untracked 
|  69|0x0000000084500000, 0x0000000084600000, 0x0000000084600000|100%| O|  |TAMS 0x0000000084600000, 0x0000000084600000| Untracked 
|  70|0x0000000084600000, 0x0000000084700000, 0x0000000084700000|100%| O|  |TAMS 0x0000000084700000, 0x0000000084700000| Untracked 
|  71|0x0000000084700000, 0x0000000084800000, 0x0000000084800000|100%| O|  |TAMS 0x0000000084800000, 0x0000000084800000| Untracked 
|  72|0x0000000084800000, 0x0000000084900000, 0x0000000084900000|100%| O|  |TAMS 0x0000000084900000, 0x0000000084900000| Untracked 
|  73|0x0000000084900000, 0x0000000084a00000, 0x0000000084a00000|100%| O|  |TAMS 0x0000000084900000, 0x0000000084a00000| Untracked 
|  74|0x0000000084a00000, 0x0000000084b00000, 0x0000000084b00000|100%|HS|  |TAMS 0x0000000084b00000, 0x0000000084b00000| Complete 
|  75|0x0000000084b00000, 0x0000000084c00000, 0x0000000084c00000|100%|HS|  |TAMS 0x0000000084c00000, 0x0000000084c00000| Complete 
|  76|0x0000000084c00000, 0x0000000084d00000, 0x0000000084d00000|100%| O|  |TAMS 0x0000000084d00000, 0x0000000084d00000| Untracked 
|  77|0x0000000084d00000, 0x0000000084e00000, 0x0000000084e00000|100%| O|  |TAMS 0x0000000084e00000, 0x0000000084e00000| Untracked 
|  78|0x0000000084e00000, 0x0000000084f00000, 0x0000000084f00000|100%| O|  |TAMS 0x0000000084f00000, 0x0000000084f00000| Untracked 
|  79|0x0000000084f00000, 0x0000000085000000, 0x0000000085000000|100%| O|  |TAMS 0x0000000085000000, 0x0000000085000000| Untracked 
|  80|0x0000000085000000, 0x0000000085100000, 0x0000000085100000|100%| O|  |TAMS 0x0000000085100000, 0x0000000085100000| Untracked 
|  81|0x0000000085100000, 0x0000000085200000, 0x0000000085200000|100%| O|  |TAMS 0x0000000085200000, 0x0000000085200000| Untracked 
|  82|0x0000000085200000, 0x0000000085300000, 0x0000000085300000|100%| O|  |TAMS 0x0000000085300000, 0x0000000085300000| Untracked 
|  83|0x0000000085300000, 0x0000000085400000, 0x0000000085400000|100%| O|  |TAMS 0x0000000085400000, 0x0000000085400000| Untracked 
|  84|0x0000000085400000, 0x0000000085400000, 0x0000000085500000|  0%| F|  |TAMS 0x0000000085400000, 0x0000000085400000| Untracked 
|  85|0x0000000085500000, 0x0000000085500000, 0x0000000085600000|  0%| F|  |TAMS 0x0000000085500000, 0x0000000085500000| Untracked 
|  86|0x0000000085600000, 0x0000000085700000, 0x0000000085700000|100%| O|  |TAMS 0x0000000085700000, 0x0000000085700000| Untracked 
|  87|0x0000000085700000, 0x0000000085800000, 0x0000000085800000|100%| O|  |TAMS 0x0000000085800000, 0x0000000085800000| Untracked 
|  88|0x0000000085800000, 0x0000000085900000, 0x0000000085900000|100%| O|  |TAMS 0x0000000085900000, 0x0000000085900000| Untracked 
|  89|0x0000000085900000, 0x0000000085a00000, 0x0000000085a00000|100%| O|  |TAMS 0x0000000085a00000, 0x0000000085a00000| Untracked 
|  90|0x0000000085a00000, 0x0000000085b00000, 0x0000000085b00000|100%| O|  |TAMS 0x0000000085b00000, 0x0000000085b00000| Untracked 
|  91|0x0000000085b00000, 0x0000000085c00000, 0x0000000085c00000|100%| O|  |TAMS 0x0000000085bb9a00, 0x0000000085c00000| Untracked 
|  92|0x0000000085c00000, 0x0000000085d00000, 0x0000000085d00000|100%| O|  |TAMS 0x0000000085c00000, 0x0000000085d00000| Untracked 
|  93|0x0000000085d00000, 0x0000000085e00000, 0x0000000085e00000|100%| O|  |TAMS 0x0000000085d00000, 0x0000000085e00000| Untracked 
|  94|0x0000000085e00000, 0x0000000085f00000, 0x0000000085f00000|100%| O|  |TAMS 0x0000000085e00000, 0x0000000085f00000| Untracked 
|  95|0x0000000085f00000, 0x0000000086000000, 0x0000000086000000|100%| O|  |TAMS 0x0000000085f00000, 0x0000000086000000| Untracked 
|  96|0x0000000086000000, 0x0000000086100000, 0x0000000086100000|100%| O|  |TAMS 0x0000000086000000, 0x0000000086100000| Untracked 
|  97|0x0000000086100000, 0x0000000086200000, 0x0000000086200000|100%| O|  |TAMS 0x0000000086100000, 0x0000000086200000| Untracked 
|  98|0x0000000086200000, 0x0000000086300000, 0x0000000086300000|100%| O|  |TAMS 0x0000000086200000, 0x0000000086300000| Untracked 
|  99|0x0000000086300000, 0x0000000086400000, 0x0000000086400000|100%| O|  |TAMS 0x0000000086300000, 0x0000000086400000| Untracked 
| 100|0x0000000086400000, 0x0000000086486000, 0x0000000086500000| 52%| O|  |TAMS 0x0000000086400000, 0x0000000086486000| Untracked 
| 101|0x0000000086500000, 0x0000000086500000, 0x0000000086600000|  0%| F|  |TAMS 0x0000000086500000, 0x0000000086500000| Untracked 
| 102|0x0000000086600000, 0x0000000086600000, 0x0000000086700000|  0%| F|  |TAMS 0x0000000086600000, 0x0000000086600000| Untracked 
| 103|0x0000000086700000, 0x0000000086700000, 0x0000000086800000|  0%| F|  |TAMS 0x0000000086700000, 0x0000000086700000| Untracked 
| 104|0x0000000086800000, 0x0000000086800000, 0x0000000086900000|  0%| F|  |TAMS 0x0000000086800000, 0x0000000086800000| Untracked 
| 105|0x0000000086900000, 0x0000000086900000, 0x0000000086a00000|  0%| F|  |TAMS 0x0000000086900000, 0x0000000086900000| Untracked 
| 106|0x0000000086a00000, 0x0000000086a00000, 0x0000000086b00000|  0%| F|  |TAMS 0x0000000086a00000, 0x0000000086a00000| Untracked 
| 107|0x0000000086b00000, 0x0000000086b00000, 0x0000000086c00000|  0%| F|  |TAMS 0x0000000086b00000, 0x0000000086b00000| Untracked 
| 108|0x0000000086c00000, 0x0000000086c00000, 0x0000000086d00000|  0%| F|  |TAMS 0x0000000086c00000, 0x0000000086c00000| Untracked 
| 109|0x0000000086d00000, 0x0000000086d00000, 0x0000000086e00000|  0%| F|  |TAMS 0x0000000086d00000, 0x0000000086d00000| Untracked 
| 110|0x0000000086e00000, 0x0000000086e00000, 0x0000000086f00000|  0%| F|  |TAMS 0x0000000086e00000, 0x0000000086e00000| Untracked 
| 111|0x0000000086f00000, 0x0000000086f00000, 0x0000000087000000|  0%| F|  |TAMS 0x0000000086f00000, 0x0000000086f00000| Untracked 
| 112|0x0000000087000000, 0x0000000087000000, 0x0000000087100000|  0%| F|  |TAMS 0x0000000087000000, 0x0000000087000000| Untracked 
| 113|0x0000000087100000, 0x0000000087100000, 0x0000000087200000|  0%| F|  |TAMS 0x0000000087100000, 0x0000000087100000| Untracked 
| 114|0x0000000087200000, 0x0000000087200000, 0x0000000087300000|  0%| F|  |TAMS 0x0000000087200000, 0x0000000087200000| Untracked 
| 115|0x0000000087300000, 0x0000000087300000, 0x0000000087400000|  0%| F|  |TAMS 0x0000000087300000, 0x0000000087300000| Untracked 
| 116|0x0000000087400000, 0x0000000087400000, 0x0000000087500000|  0%| F|  |TAMS 0x0000000087400000, 0x0000000087400000| Untracked 
| 117|0x0000000087500000, 0x0000000087500000, 0x0000000087600000|  0%| F|  |TAMS 0x0000000087500000, 0x0000000087500000| Untracked 
| 118|0x0000000087600000, 0x0000000087600000, 0x0000000087700000|  0%| F|  |TAMS 0x0000000087600000, 0x0000000087600000| Untracked 
| 119|0x0000000087700000, 0x0000000087700000, 0x0000000087800000|  0%| F|  |TAMS 0x0000000087700000, 0x0000000087700000| Untracked 
| 120|0x0000000087800000, 0x0000000087800000, 0x0000000087900000|  0%| F|  |TAMS 0x0000000087800000, 0x0000000087800000| Untracked 
| 121|0x0000000087900000, 0x0000000087900000, 0x0000000087a00000|  0%| F|  |TAMS 0x0000000087900000, 0x0000000087900000| Untracked 
| 122|0x0000000087a00000, 0x0000000087a00000, 0x0000000087b00000|  0%| F|  |TAMS 0x0000000087a00000, 0x0000000087a00000| Untracked 
| 123|0x0000000087b00000, 0x0000000087b00000, 0x0000000087c00000|  0%| F|  |TAMS 0x0000000087b00000, 0x0000000087b00000| Untracked 
| 124|0x0000000087c00000, 0x0000000087c00000, 0x0000000087d00000|  0%| F|  |TAMS 0x0000000087c00000, 0x0000000087c00000| Untracked 
| 125|0x0000000087d00000, 0x0000000087d00000, 0x0000000087e00000|  0%| F|  |TAMS 0x0000000087d00000, 0x0000000087d00000| Untracked 
| 126|0x0000000087e00000, 0x0000000087e00000, 0x0000000087f00000|  0%| F|  |TAMS 0x0000000087e00000, 0x0000000087e00000| Untracked 
| 127|0x0000000087f00000, 0x0000000087f00000, 0x0000000088000000|  0%| F|  |TAMS 0x0000000087f00000, 0x0000000087f00000| Untracked 
| 128|0x0000000088000000, 0x0000000088000000, 0x0000000088100000|  0%| F|  |TAMS 0x0000000088000000, 0x0000000088000000| Untracked 
| 129|0x0000000088100000, 0x0000000088100000, 0x0000000088200000|  0%| F|  |TAMS 0x0000000088100000, 0x0000000088100000| Untracked 
| 130|0x0000000088200000, 0x0000000088200000, 0x0000000088300000|  0%| F|  |TAMS 0x0000000088200000, 0x0000000088200000| Untracked 
| 131|0x0000000088300000, 0x0000000088300000, 0x0000000088400000|  0%| F|  |TAMS 0x0000000088300000, 0x0000000088300000| Untracked 
| 132|0x0000000088400000, 0x0000000088400000, 0x0000000088500000|  0%| F|  |TAMS 0x0000000088400000, 0x0000000088400000| Untracked 
| 133|0x0000000088500000, 0x0000000088500000, 0x0000000088600000|  0%| F|  |TAMS 0x0000000088500000, 0x0000000088500000| Untracked 
| 134|0x0000000088600000, 0x0000000088600000, 0x0000000088700000|  0%| F|  |TAMS 0x0000000088600000, 0x0000000088600000| Untracked 
| 135|0x0000000088700000, 0x0000000088700000, 0x0000000088800000|  0%| F|  |TAMS 0x0000000088700000, 0x0000000088700000| Untracked 
| 136|0x0000000088800000, 0x0000000088800000, 0x0000000088900000|  0%| F|  |TAMS 0x0000000088800000, 0x0000000088800000| Untracked 
| 137|0x0000000088900000, 0x0000000088900000, 0x0000000088a00000|  0%| F|  |TAMS 0x0000000088900000, 0x0000000088900000| Untracked 
| 138|0x0000000088a00000, 0x0000000088a00000, 0x0000000088b00000|  0%| F|  |TAMS 0x0000000088a00000, 0x0000000088a00000| Untracked 
| 139|0x0000000088b00000, 0x0000000088b00000, 0x0000000088c00000|  0%| F|  |TAMS 0x0000000088b00000, 0x0000000088b00000| Untracked 
| 140|0x0000000088c00000, 0x0000000088c00000, 0x0000000088d00000|  0%| F|  |TAMS 0x0000000088c00000, 0x0000000088c00000| Untracked 
| 141|0x0000000088d00000, 0x0000000088d00000, 0x0000000088e00000|  0%| F|  |TAMS 0x0000000088d00000, 0x0000000088d00000| Untracked 
| 142|0x0000000088e00000, 0x0000000088e00000, 0x0000000088f00000|  0%| F|  |TAMS 0x0000000088e00000, 0x0000000088e00000| Untracked 
| 143|0x0000000088f00000, 0x0000000088f00000, 0x0000000089000000|  0%| F|  |TAMS 0x0000000088f00000, 0x0000000088f00000| Untracked 
| 144|0x0000000089000000, 0x0000000089000000, 0x0000000089100000|  0%| F|  |TAMS 0x0000000089000000, 0x0000000089000000| Untracked 
| 145|0x0000000089100000, 0x0000000089100000, 0x0000000089200000|  0%| F|  |TAMS 0x0000000089100000, 0x0000000089100000| Untracked 
| 146|0x0000000089200000, 0x0000000089200000, 0x0000000089300000|  0%| F|  |TAMS 0x0000000089200000, 0x0000000089200000| Untracked 
| 147|0x0000000089300000, 0x0000000089300000, 0x0000000089400000|  0%| F|  |TAMS 0x0000000089300000, 0x0000000089300000| Untracked 
| 148|0x0000000089400000, 0x0000000089400000, 0x0000000089500000|  0%| F|  |TAMS 0x0000000089400000, 0x0000000089400000| Untracked 
| 149|0x0000000089500000, 0x0000000089500000, 0x0000000089600000|  0%| F|  |TAMS 0x0000000089500000, 0x0000000089500000| Untracked 
| 150|0x0000000089600000, 0x0000000089600000, 0x0000000089700000|  0%| F|  |TAMS 0x0000000089600000, 0x0000000089600000| Untracked 
| 151|0x0000000089700000, 0x0000000089700000, 0x0000000089800000|  0%| F|  |TAMS 0x0000000089700000, 0x0000000089700000| Untracked 
| 152|0x0000000089800000, 0x0000000089800000, 0x0000000089900000|  0%| F|  |TAMS 0x0000000089800000, 0x0000000089800000| Untracked 
| 153|0x0000000089900000, 0x0000000089900000, 0x0000000089a00000|  0%| F|  |TAMS 0x0000000089900000, 0x0000000089900000| Untracked 
| 154|0x0000000089a00000, 0x0000000089a00000, 0x0000000089b00000|  0%| F|  |TAMS 0x0000000089a00000, 0x0000000089a00000| Untracked 
| 155|0x0000000089b00000, 0x0000000089b00000, 0x0000000089c00000|  0%| F|  |TAMS 0x0000000089b00000, 0x0000000089b00000| Untracked 
| 156|0x0000000089c00000, 0x0000000089c00000, 0x0000000089d00000|  0%| F|  |TAMS 0x0000000089c00000, 0x0000000089c00000| Untracked 
| 157|0x0000000089d00000, 0x0000000089d00000, 0x0000000089e00000|  0%| F|  |TAMS 0x0000000089d00000, 0x0000000089d00000| Untracked 
| 158|0x0000000089e00000, 0x0000000089e00000, 0x0000000089f00000|  0%| F|  |TAMS 0x0000000089e00000, 0x0000000089e00000| Untracked 
| 159|0x0000000089f00000, 0x0000000089f00000, 0x000000008a000000|  0%| F|  |TAMS 0x0000000089f00000, 0x0000000089f00000| Untracked 
| 160|0x000000008a000000, 0x000000008a000000, 0x000000008a100000|  0%| F|  |TAMS 0x000000008a000000, 0x000000008a000000| Untracked 
| 161|0x000000008a100000, 0x000000008a100000, 0x000000008a200000|  0%| F|  |TAMS 0x000000008a100000, 0x000000008a100000| Untracked 
| 162|0x000000008a200000, 0x000000008a200000, 0x000000008a300000|  0%| F|  |TAMS 0x000000008a200000, 0x000000008a200000| Untracked 
| 163|0x000000008a300000, 0x000000008a300000, 0x000000008a400000|  0%| F|  |TAMS 0x000000008a300000, 0x000000008a300000| Untracked 
| 164|0x000000008a400000, 0x000000008a400000, 0x000000008a500000|  0%| F|  |TAMS 0x000000008a400000, 0x000000008a400000| Untracked 
| 165|0x000000008a500000, 0x000000008a500000, 0x000000008a600000|  0%| F|  |TAMS 0x000000008a500000, 0x000000008a500000| Untracked 
| 166|0x000000008a600000, 0x000000008a600000, 0x000000008a700000|  0%| F|  |TAMS 0x000000008a600000, 0x000000008a600000| Untracked 
| 167|0x000000008a700000, 0x000000008a700000, 0x000000008a800000|  0%| F|  |TAMS 0x000000008a700000, 0x000000008a700000| Untracked 
| 168|0x000000008a800000, 0x000000008a800000, 0x000000008a900000|  0%| F|  |TAMS 0x000000008a800000, 0x000000008a800000| Untracked 
| 169|0x000000008a900000, 0x000000008a900000, 0x000000008aa00000|  0%| F|  |TAMS 0x000000008a900000, 0x000000008a900000| Untracked 
| 170|0x000000008aa00000, 0x000000008aa00000, 0x000000008ab00000|  0%| F|  |TAMS 0x000000008aa00000, 0x000000008aa00000| Untracked 
| 171|0x000000008ab00000, 0x000000008ab00000, 0x000000008ac00000|  0%| F|  |TAMS 0x000000008ab00000, 0x000000008ab00000| Untracked 
| 172|0x000000008ac00000, 0x000000008ac00000, 0x000000008ad00000|  0%| F|  |TAMS 0x000000008ac00000, 0x000000008ac00000| Untracked 
| 173|0x000000008ad00000, 0x000000008ad00000, 0x000000008ae00000|  0%| F|  |TAMS 0x000000008ad00000, 0x000000008ad00000| Untracked 
| 174|0x000000008ae00000, 0x000000008ae00000, 0x000000008af00000|  0%| F|  |TAMS 0x000000008ae00000, 0x000000008ae00000| Untracked 
| 175|0x000000008af00000, 0x000000008af00000, 0x000000008b000000|  0%| F|  |TAMS 0x000000008af00000, 0x000000008af00000| Untracked 
| 176|0x000000008b000000, 0x000000008b000000, 0x000000008b100000|  0%| F|  |TAMS 0x000000008b000000, 0x000000008b000000| Untracked 
| 177|0x000000008b100000, 0x000000008b100000, 0x000000008b200000|  0%| F|  |TAMS 0x000000008b100000, 0x000000008b100000| Untracked 
| 178|0x000000008b200000, 0x000000008b200000, 0x000000008b300000|  0%| F|  |TAMS 0x000000008b200000, 0x000000008b200000| Untracked 
| 179|0x000000008b300000, 0x000000008b300000, 0x000000008b400000|  0%| F|  |TAMS 0x000000008b300000, 0x000000008b300000| Untracked 
| 180|0x000000008b400000, 0x000000008b400000, 0x000000008b500000|  0%| F|  |TAMS 0x000000008b400000, 0x000000008b400000| Untracked 
| 181|0x000000008b500000, 0x000000008b500000, 0x000000008b600000|  0%| F|  |TAMS 0x000000008b500000, 0x000000008b500000| Untracked 
| 182|0x000000008b600000, 0x000000008b600000, 0x000000008b700000|  0%| F|  |TAMS 0x000000008b600000, 0x000000008b600000| Untracked 
| 183|0x000000008b700000, 0x000000008b700000, 0x000000008b800000|  0%| F|  |TAMS 0x000000008b700000, 0x000000008b700000| Untracked 
| 184|0x000000008b800000, 0x000000008b800000, 0x000000008b900000|  0%| F|  |TAMS 0x000000008b800000, 0x000000008b800000| Untracked 
| 185|0x000000008b900000, 0x000000008b900000, 0x000000008ba00000|  0%| F|  |TAMS 0x000000008b900000, 0x000000008b900000| Untracked 
| 186|0x000000008ba00000, 0x000000008ba00000, 0x000000008bb00000|  0%| F|  |TAMS 0x000000008ba00000, 0x000000008ba00000| Untracked 
| 187|0x000000008bb00000, 0x000000008bb00000, 0x000000008bc00000|  0%| F|  |TAMS 0x000000008bb00000, 0x000000008bb00000| Untracked 
| 188|0x000000008bc00000, 0x000000008bc00000, 0x000000008bd00000|  0%| F|  |TAMS 0x000000008bc00000, 0x000000008bc00000| Untracked 
| 189|0x000000008bd00000, 0x000000008bd00000, 0x000000008be00000|  0%| F|  |TAMS 0x000000008bd00000, 0x000000008bd00000| Untracked 
| 190|0x000000008be00000, 0x000000008be00000, 0x000000008bf00000|  0%| F|  |TAMS 0x000000008be00000, 0x000000008be00000| Untracked 
| 191|0x000000008bf00000, 0x000000008bf00000, 0x000000008c000000|  0%| F|  |TAMS 0x000000008bf00000, 0x000000008bf00000| Untracked 
| 192|0x000000008c000000, 0x000000008c000000, 0x000000008c100000|  0%| F|  |TAMS 0x000000008c000000, 0x000000008c000000| Untracked 
| 193|0x000000008c100000, 0x000000008c100000, 0x000000008c200000|  0%| F|  |TAMS 0x000000008c100000, 0x000000008c100000| Untracked 
| 194|0x000000008c200000, 0x000000008c200000, 0x000000008c300000|  0%| F|  |TAMS 0x000000008c200000, 0x000000008c200000| Untracked 
| 195|0x000000008c300000, 0x000000008c300000, 0x000000008c400000|  0%| F|  |TAMS 0x000000008c300000, 0x000000008c300000| Untracked 
| 196|0x000000008c400000, 0x000000008c400000, 0x000000008c500000|  0%| F|  |TAMS 0x000000008c400000, 0x000000008c400000| Untracked 
| 197|0x000000008c500000, 0x000000008c500000, 0x000000008c600000|  0%| F|  |TAMS 0x000000008c500000, 0x000000008c500000| Untracked 
| 198|0x000000008c600000, 0x000000008c685260, 0x000000008c700000| 52%| S|CS|TAMS 0x000000008c600000, 0x000000008c600000| Complete 
| 199|0x000000008c700000, 0x000000008c700000, 0x000000008c800000|  0%| F|  |TAMS 0x000000008c700000, 0x000000008c700000| Untracked 
| 200|0x000000008c800000, 0x000000008c800000, 0x000000008c900000|  0%| F|  |TAMS 0x000000008c800000, 0x000000008c800000| Untracked 
| 201|0x000000008c900000, 0x000000008ca00000, 0x000000008ca00000|100%| S|CS|TAMS 0x000000008c900000, 0x000000008c900000| Complete 
| 202|0x000000008ca00000, 0x000000008cb00000, 0x000000008cb00000|100%| S|CS|TAMS 0x000000008ca00000, 0x000000008ca00000| Complete 
| 203|0x000000008cb00000, 0x000000008cb00000, 0x000000008cc00000|  0%| F|  |TAMS 0x000000008cb00000, 0x000000008cb00000| Untracked 
| 245|0x000000008f500000, 0x000000008f500000, 0x000000008f600000|  0%| F|  |TAMS 0x000000008f500000, 0x000000008f500000| Untracked 

Card table byte_map: [0x0000014abb3d0000,0x0000014abb7d0000] _byte_map_base: 0x0000014abafd0000

Marking Bits (Prev, Next): (CMBitMap*) 0x0000014aa6708ed0, (CMBitMap*) 0x0000014aa6708e90
 Prev Bits: [0x0000014abdbd0000, 0x0000014abfbd0000)
 Next Bits: [0x0000014abbbd0000, 0x0000014abdbd0000)

Polling page: 0x0000014aab320000

Metaspace:

Usage:
  Non-class:     71.69 MB used.
      Class:     11.24 MB used.
       Both:     82.93 MB used.

Virtual space:
  Non-class space:       80.00 MB reserved,      72.06 MB ( 90%) committed,  10 nodes.
      Class space:        1.00 GB reserved,      11.56 MB (  1%) committed,  1 nodes.
             Both:        1.08 GB reserved,      83.62 MB (  8%) committed. 

Chunk freelists:
   Non-Class:  3.97 MB
       Class:  301.00 KB
        Both:  4.26 MB

MaxMetaspaceSize: unlimited
CompressedClassSpaceSize: 1.00 GB
Initial GC threshold: 21.00 MB
Current GC threshold: 129.19 MB
CDS: off
MetaspaceReclaimPolicy: balanced
 - commit_granule_bytes: 65536.
 - commit_granule_words: 8192.
 - virtual_space_node_default_size: 1048576.
 - enlarge_chunks_in_place: 1.
 - new_chunks_are_fully_committed: 0.
 - uncommit_free_chunks: 1.
 - use_allocation_guard: 0.
 - handle_deallocations: 1.


Internal statistics:

num_allocs_failed_limit: 3.
num_arena_births: 866.
num_arena_deaths: 0.
num_vsnodes_births: 11.
num_vsnodes_deaths: 0.
num_space_committed: 1338.
num_space_uncommitted: 0.
num_chunks_returned_to_freelist: 3.
num_chunks_taken_from_freelist: 3870.
num_chunk_merges: 3.
num_chunk_splits: 2619.
num_chunks_enlarged: 1813.
num_purges: 0.
num_inconsistent_stats: 0.

CodeHeap 'non-profiled nmethods': size=120000Kb used=4557Kb max_used=4557Kb free=115442Kb
 bounds [0x0000014ab2e10000, 0x0000014ab3290000, 0x0000014aba340000]
CodeHeap 'profiled nmethods': size=120000Kb used=14916Kb max_used=14916Kb free=105083Kb
 bounds [0x0000014aab340000, 0x0000014aac1e0000, 0x0000014ab2870000]
CodeHeap 'non-nmethods': size=5760Kb used=2381Kb max_used=2430Kb free=3379Kb
 bounds [0x0000014ab2870000, 0x0000014ab2ae0000, 0x0000014ab2e10000]
 total_blobs=8538 nmethods=7622 adapters=828
 compilation: enabled
              stopped_count=0, restarted_count=0
 full_count=0

Compilation events (20 events):
Event: 16.180 Thread 0x0000014ac34cd600 8381       3       com.google.protobuf.CodedOutputStream$ArrayEncoder::spaceLeft (10 bytes)
Event: 16.180 Thread 0x0000014ac34cd600 nmethod 8381 0x0000014aac1cef90 code [0x0000014aac1cf120, 0x0000014aac1cf238]
Event: 16.180 Thread 0x0000014ac34cd600 8383       3       com.google.protobuf.CodedOutputStream::access$100 (4 bytes)
Event: 16.181 Thread 0x0000014ac34cd600 nmethod 8383 0x0000014aac1cf310 code [0x0000014aac1cf4a0, 0x0000014aac1cf598]
Event: 16.181 Thread 0x0000014ac34cd600 8382       3       com.google.protobuf.WireFormat::makeTag (6 bytes)
Event: 16.181 Thread 0x0000014ac34cd600 nmethod 8382 0x0000014aac1cf610 code [0x0000014aac1cf7a0, 0x0000014aac1cf898]
Event: 16.181 Thread 0x0000014ac34cd600 8384       3       java.io.ObjectInputStream$HandleTable::assign (48 bytes)
Event: 16.181 Thread 0x0000014ac34cd600 nmethod 8384 0x0000014aac1cf910 code [0x0000014aac1cfac0, 0x0000014aac1cfe28]
Event: 16.181 Thread 0x0000014ac34cd600 8385       3       java.io.ObjectInputStream$HandleTable::finish (111 bytes)
Event: 16.181 Thread 0x0000014ac34cd600 nmethod 8385 0x0000014aac1cff90 code [0x0000014aac1d0180, 0x0000014aac1d0768]
Event: 16.181 Thread 0x0000014ac34cd600 8386       3       java.lang.Math::min (12 bytes)
Event: 16.181 Thread 0x0000014ac34cd600 nmethod 8386 0x0000014aac1d0990 code [0x0000014aac1d0b20, 0x0000014aac1d0c58]
Event: 16.181 Thread 0x0000014ac34cd600 8387       3       java.io.Bits::getShort (18 bytes)
Event: 16.181 Thread 0x0000014ac34cd600 nmethod 8387 0x0000014aac1d0d10 code [0x0000014aac1d0ea0, 0x0000014aac1d0ff8]
Event: 16.181 Thread 0x0000014ac34cd600 8388       1       java.io.ObjectStreamClass::getPrimDataSize (5 bytes)
Event: 16.182 Thread 0x0000014ac34cd600 nmethod 8388 0x0000014ab3282e90 code [0x0000014ab3283020, 0x0000014ab32830f8]
Event: 16.182 Thread 0x0000014ac34cd600 8389       1       java.io.ObjectStreamClass::getNumObjFields (5 bytes)
Event: 16.182 Thread 0x0000014ac34cd600 nmethod 8389 0x0000014ab3283190 code [0x0000014ab3283320, 0x0000014ab32833f8]
Event: 16.182 Thread 0x0000014ac34cc800 8390 %     4       org.objectweb.asm.ByteVector::encodeUtf8 @ 159 (337 bytes)
Event: 16.182 Thread 0x0000014acdf36090 8391       4       java.lang.StringBuilder::toString (35 bytes)

GC Heap History (20 events):
Event: 11.484 GC heap after
{Heap after GC invocations=24 (full 0):
 garbage-first heap   total 186368K, used 75698K [0x0000000080000000, 0x0000000100000000)
  region size 1024K, 2 young (2048K), 2 survivors (2048K)
 Metaspace       used 56153K, committed 56832K, reserved 1105920K
  class space    used 7572K, committed 7872K, reserved 1048576K
}
Event: 11.692 GC heap before
{Heap before GC invocations=24 (full 0):
 garbage-first heap   total 186368K, used 89010K [0x0000000080000000, 0x0000000100000000)
  region size 1024K, 17 young (17408K), 2 survivors (2048K)
 Metaspace       used 56418K, committed 57024K, reserved 1105920K
  class space    used 7596K, committed 7872K, reserved 1048576K
}
Event: 11.694 GC heap after
{Heap after GC invocations=25 (full 0):
 garbage-first heap   total 186368K, used 78123K [0x0000000080000000, 0x0000000100000000)
  region size 1024K, 4 young (4096K), 4 survivors (4096K)
 Metaspace       used 56418K, committed 57024K, reserved 1105920K
  class space    used 7596K, committed 7872K, reserved 1048576K
}
Event: 12.897 GC heap before
{Heap before GC invocations=26 (full 0):
 garbage-first heap   total 186368K, used 145707K [0x0000000080000000, 0x0000000100000000)
  region size 1024K, 66 young (67584K), 4 survivors (4096K)
 Metaspace       used 65366K, committed 66048K, reserved 1105920K
  class space    used 8720K, committed 9024K, reserved 1048576K
}
Event: 12.903 GC heap after
{Heap after GC invocations=27 (full 0):
 garbage-first heap   total 186368K, used 87651K [0x0000000080000000, 0x0000000100000000)
  region size 1024K, 9 young (9216K), 9 survivors (9216K)
 Metaspace       used 65366K, committed 66048K, reserved 1105920K
  class space    used 8720K, committed 9024K, reserved 1048576K
}
Event: 12.937 GC heap before
{Heap before GC invocations=27 (full 0):
 garbage-first heap   total 186368K, used 88675K [0x0000000080000000, 0x0000000100000000)
  region size 1024K, 10 young (10240K), 9 survivors (9216K)
 Metaspace       used 65694K, committed 66432K, reserved 1105920K
  class space    used 8762K, committed 9088K, reserved 1048576K
}
Event: 12.940 GC heap after
{Heap after GC invocations=28 (full 0):
 garbage-first heap   total 186368K, used 88401K [0x0000000080000000, 0x0000000100000000)
  region size 1024K, 1 young (1024K), 1 survivors (1024K)
 Metaspace       used 65694K, committed 66432K, reserved 1105920K
  class space    used 8762K, committed 9088K, reserved 1048576K
}
Event: 13.177 GC heap before
{Heap before GC invocations=28 (full 0):
 garbage-first heap   total 186368K, used 99665K [0x0000000080000000, 0x0000000100000000)
  region size 1024K, 13 young (13312K), 1 survivors (1024K)
 Metaspace       used 67836K, committed 68544K, reserved 1114112K
  class space    used 9034K, committed 9344K, reserved 1048576K
}
Event: 13.180 GC heap after
{Heap after GC invocations=29 (full 0):
 garbage-first heap   total 186368K, used 89298K [0x0000000080000000, 0x0000000100000000)
  region size 1024K, 2 young (2048K), 2 survivors (2048K)
 Metaspace       used 67836K, committed 68544K, reserved 1114112K
  class space    used 9034K, committed 9344K, reserved 1048576K
}
Event: 14.390 GC heap before
{Heap before GC invocations=30 (full 0):
 garbage-first heap   total 186368K, used 154834K [0x0000000080000000, 0x0000000100000000)
  region size 1024K, 60 young (61440K), 2 survivors (2048K)
 Metaspace       used 72839K, committed 73536K, reserved 1114112K
  class space    used 9729K, committed 10048K, reserved 1048576K
}
Event: 14.394 GC heap after
{Heap after GC invocations=31 (full 0):
 garbage-first heap   total 186368K, used 93463K [0x0000000080000000, 0x0000000100000000)
  region size 1024K, 6 young (6144K), 6 survivors (6144K)
 Metaspace       used 72839K, committed 73536K, reserved 1114112K
  class space    used 9729K, committed 10048K, reserved 1048576K
}
Event: 14.449 GC heap before
{Heap before GC invocations=31 (full 0):
 garbage-first heap   total 186368K, used 95511K [0x0000000080000000, 0x0000000100000000)
  region size 1024K, 9 young (9216K), 6 survivors (6144K)
 Metaspace       used 73323K, committed 74048K, reserved 1114112K
  class space    used 9796K, committed 10112K, reserved 1048576K
}
Event: 14.452 GC heap after
{Heap after GC invocations=32 (full 0):
 garbage-first heap   total 186368K, used 93844K [0x0000000080000000, 0x0000000100000000)
  region size 1024K, 1 young (1024K), 1 survivors (1024K)
 Metaspace       used 73323K, committed 74048K, reserved 1114112K
  class space    used 9796K, committed 10112K, reserved 1048576K
}
Event: 15.302 GC heap before
{Heap before GC invocations=32 (full 0):
 garbage-first heap   total 186368K, used 150164K [0x0000000080000000, 0x0000000100000000)
  region size 1024K, 57 young (58368K), 1 survivors (1024K)
 Metaspace       used 78359K, committed 79040K, reserved 1122304K
  class space    used 10446K, committed 10752K, reserved 1048576K
}
Event: 15.306 GC heap after
{Heap after GC invocations=33 (full 0):
 garbage-first heap   total 186368K, used 98665K [0x0000000080000000, 0x0000000100000000)
  region size 1024K, 6 young (6144K), 6 survivors (6144K)
 Metaspace       used 78359K, committed 79040K, reserved 1122304K
  class space    used 10446K, committed 10752K, reserved 1048576K
}
Event: 16.123 GC heap before
{Heap before GC invocations=34 (full 0):
 garbage-first heap   total 186368K, used 151913K [0x0000000080000000, 0x0000000100000000)
  region size 1024K, 58 young (59392K), 6 survivors (6144K)
 Metaspace       used 84518K, committed 85184K, reserved 1122304K
  class space    used 11473K, committed 11776K, reserved 1048576K
}
Event: 16.128 GC heap after
{Heap after GC invocations=35 (full 0):
 garbage-first heap   total 186368K, used 102944K [0x0000000080000000, 0x0000000100000000)
  region size 1024K, 5 young (5120K), 5 survivors (5120K)
 Metaspace       used 84518K, committed 85184K, reserved 1122304K
  class space    used 11473K, committed 11776K, reserved 1048576K
}
Event: 16.163 GC heap before
{Heap before GC invocations=35 (full 0):
 garbage-first heap   total 186368K, used 107040K [0x0000000080000000, 0x0000000100000000)
  region size 1024K, 9 young (9216K), 5 survivors (5120K)
 Metaspace       used 84752K, committed 85376K, reserved 1122304K
  class space    used 11488K, committed 11776K, reserved 1048576K
}
Event: 16.167 GC heap after
{Heap after GC invocations=36 (full 0):
 garbage-first heap   total 186368K, used 102936K [0x0000000080000000, 0x0000000100000000)
  region size 1024K, 2 young (2048K), 2 survivors (2048K)
 Metaspace       used 84752K, committed 85376K, reserved 1122304K
  class space    used 11488K, committed 11776K, reserved 1048576K
}
Event: 16.184 GC heap before
{Heap before GC invocations=36 (full 0):
 garbage-first heap   total 186368K, used 103960K [0x0000000080000000, 0x0000000100000000)
  region size 1024K, 4 young (4096K), 2 survivors (2048K)
 Metaspace       used 84921K, committed 85632K, reserved 1130496K
  class space    used 11508K, committed 11840K, reserved 1048576K
}

Dll operation events (2 events):
Event: 0.007 Loaded shared library C:\Program Files\Android\Android Studio\jbr\bin\java.dll
Event: 0.425 Loaded shared library C:\Program Files\Android\Android Studio\jbr\bin\verify.dll

Deoptimization events (20 events):
Event: 15.749 Thread 0x0000014ac4955f30 DEOPT PACKING pc=0x0000014ab2eaefc8 sp=0x00000032377f8130
Event: 15.749 Thread 0x0000014ac4955f30 DEOPT UNPACKING pc=0x0000014ab28c69a3 sp=0x00000032377f80b0 mode 2
Event: 15.780 Thread 0x0000014ac4955f30 Uncommon trap: trap_request=0xffffffde fr.pc=0x0000014ab2f5daa0 relative=0x0000000000000420
Event: 15.780 Thread 0x0000014ac4955f30 Uncommon trap: reason=class_check action=maybe_recompile pc=0x0000014ab2f5daa0 method=org.gradle.internal.instantiation.generator.AbstractClassGenerator$InjectionAnnotationValidator.validateMethod(Ljava/lang/reflect/Method;Lorg/gradle/internal/reflect/Pro
Event: 15.780 Thread 0x0000014ac4955f30 DEOPT PACKING pc=0x0000014ab2f5daa0 sp=0x00000032377f77f0
Event: 15.780 Thread 0x0000014ac4955f30 DEOPT UNPACKING pc=0x0000014ab28c69a3 sp=0x00000032377f7798 mode 2
Event: 15.787 Thread 0x0000014ac4955f30 Uncommon trap: trap_request=0xffffffde fr.pc=0x0000014ab2f5daa0 relative=0x0000000000000420
Event: 15.787 Thread 0x0000014ac4955f30 Uncommon trap: reason=class_check action=maybe_recompile pc=0x0000014ab2f5daa0 method=org.gradle.internal.instantiation.generator.AbstractClassGenerator$InjectionAnnotationValidator.validateMethod(Ljava/lang/reflect/Method;Lorg/gradle/internal/reflect/Pro
Event: 15.787 Thread 0x0000014ac4955f30 DEOPT PACKING pc=0x0000014ab2f5daa0 sp=0x00000032377f77f0
Event: 15.787 Thread 0x0000014ac4955f30 DEOPT UNPACKING pc=0x0000014ab28c69a3 sp=0x00000032377f7798 mode 2
Event: 15.795 Thread 0x0000014ac4955f30 Uncommon trap: trap_request=0xffffffde fr.pc=0x0000014ab2f5daa0 relative=0x0000000000000420
Event: 15.795 Thread 0x0000014ac4955f30 Uncommon trap: reason=class_check action=maybe_recompile pc=0x0000014ab2f5daa0 method=org.gradle.internal.instantiation.generator.AbstractClassGenerator$InjectionAnnotationValidator.validateMethod(Ljava/lang/reflect/Method;Lorg/gradle/internal/reflect/Pro
Event: 15.795 Thread 0x0000014ac4955f30 DEOPT PACKING pc=0x0000014ab2f5daa0 sp=0x00000032377f7980
Event: 15.795 Thread 0x0000014ac4955f30 DEOPT UNPACKING pc=0x0000014ab28c69a3 sp=0x00000032377f7928 mode 2
Event: 15.944 Thread 0x0000014ac4955f30 DEOPT PACKING pc=0x0000014aabe72a93 sp=0x00000032377f7d10
Event: 15.944 Thread 0x0000014ac4955f30 DEOPT UNPACKING pc=0x0000014ab28c7143 sp=0x00000032377f72b0 mode 0
Event: 16.130 Thread 0x0000014ac4955f30 Uncommon trap: trap_request=0xffffff45 fr.pc=0x0000014ab3278044 relative=0x0000000000000104
Event: 16.130 Thread 0x0000014ac4955f30 Uncommon trap: reason=unstable_if action=reinterpret pc=0x0000014ab3278044 method=com.google.protobuf.DescriptorProtos$FieldDescriptorProto$Type.forNumber(I)Lcom/google/protobuf/DescriptorProtos$FieldDescriptorProto$Type; @ 1 c2
Event: 16.130 Thread 0x0000014ac4955f30 DEOPT PACKING pc=0x0000014ab3278044 sp=0x00000032377f7650
Event: 16.130 Thread 0x0000014ac4955f30 DEOPT UNPACKING pc=0x0000014ab28c69a3 sp=0x00000032377f75d8 mode 2

Classes unloaded (0 events):
No events

Classes redefined (0 events):
No events

Internal exceptions (20 events):
Event: 12.023 Thread 0x0000014ac59e28d0 Implicit null exception at 0x0000014ab2e64972 to 0x0000014ab2e64f4c
Event: 12.120 Thread 0x0000014ac4955f30 Exception <a 'java/lang/NoSuchMethodError'{0x000000008926d3d0}: 'int java.lang.invoke.DirectMethodHandle$Holder.invokeInterface(java.lang.Object, java.lang.Object, java.lang.Object, java.lang.Object)'> (0x000000008926d3d0) 
thrown [s\src\hotspot\share\interpreter\linkResolver.cpp, line 771]
Event: 12.871 Thread 0x0000014ac4955f30 Exception <a 'java/lang/IncompatibleClassChangeError'{0x0000000087490920}: Found class java.lang.Object, but interface was expected> (0x0000000087490920) 
thrown [s\src\hotspot\share\interpreter\linkResolver.cpp, line 838]
Event: 12.934 Thread 0x0000014ac4955f30 Implicit null exception at 0x0000014ab310d0d4 to 0x0000014ab310d27c
Event: 12.934 Thread 0x0000014ac4955f30 Implicit null exception at 0x0000014ab310766e to 0x0000014ab31084e0
Event: 13.118 Thread 0x0000014ac4955f30 Implicit null exception at 0x0000014ab301bd8c to 0x0000014ab301bec2
Event: 13.257 Thread 0x0000014ac4955f30 Exception <a 'sun/nio/fs/WindowsException'{0x000000008aac40f8}> (0x000000008aac40f8) 
thrown [s\src\hotspot\share\prims\jni.cpp, line 517]
Event: 13.987 Thread 0x0000014ac4955f30 Implicit null exception at 0x0000014ab31b10c8 to 0x0000014ab31b1188
Event: 15.003 Thread 0x0000014ac6c59d70 Exception <a 'sun/nio/fs/WindowsException'{0x0000000088f41b80}> (0x0000000088f41b80) 
thrown [s\src\hotspot\share\prims\jni.cpp, line 517]
Event: 15.017 Thread 0x0000014ac6c59d70 Exception <a 'sun/nio/fs/WindowsException'{0x0000000088fa1470}> (0x0000000088fa1470) 
thrown [s\src\hotspot\share\prims\jni.cpp, line 517]
Event: 15.018 Thread 0x0000014ac6c59d70 Exception <a 'sun/nio/fs/WindowsException'{0x0000000088fa1610}> (0x0000000088fa1610) 
thrown [s\src\hotspot\share\prims\jni.cpp, line 517]
Event: 15.716 Thread 0x0000014ac4955f30 Exception <a 'java/lang/NoSuchMethodError'{0x0000000089bfd990}: 'int java.lang.invoke.DirectMethodHandle$Holder.invokeSpecialIFC(java.lang.Object, java.lang.Object, java.lang.Object, java.lang.Object, java.lang.Object)'> (0x0000000089bfd990) 
thrown [s\src\hotspot\share\interpreter\linkResolver.cpp, line 771]
Event: 15.959 Thread 0x0000014ac4955f30 Exception <a 'java/lang/ClassNotFoundException'{0x0000000088d56860}: com/android/build/gradle/internal/api/ApkVariantOutputImpl_DecoratedBeanInfo> (0x0000000088d56860) 
thrown [s\src\hotspot\share\classfile\systemDictionary.cpp, line 256]
Event: 15.960 Thread 0x0000014ac4955f30 Exception <a 'java/lang/ClassNotFoundException'{0x0000000088d64240}: com/android/build/gradle/internal/api/ApkVariantOutputImplBeanInfo> (0x0000000088d64240) 
thrown [s\src\hotspot\share\classfile\systemDictionary.cpp, line 256]
Event: 15.960 Thread 0x0000014ac4955f30 Exception <a 'java/lang/ClassNotFoundException'{0x0000000088d71c30}: com/android/build/gradle/internal/api/BaseVariantOutputImplBeanInfo> (0x0000000088d71c30) 
thrown [s\src\hotspot\share\classfile\systemDictionary.cpp, line 256]
Event: 15.961 Thread 0x0000014ac4955f30 Exception <a 'java/lang/ClassNotFoundException'{0x0000000088d7f5f8}: com/android/build/gradle/internal/api/BaseVariantOutputImplCustomizer> (0x0000000088d7f5f8) 
thrown [s\src\hotspot\share\classfile\systemDictionary.cpp, line 256]
Event: 15.962 Thread 0x0000014ac4955f30 Exception <a 'java/lang/ClassNotFoundException'{0x0000000088da0148}: com/android/build/gradle/internal/api/ApkVariantOutputImplCustomizer> (0x0000000088da0148) 
thrown [s\src\hotspot\share\classfile\systemDictionary.cpp, line 256]
Event: 15.964 Thread 0x0000014ac4955f30 Exception <a 'java/lang/ClassNotFoundException'{0x0000000088dbba58}: com/android/build/gradle/internal/api/ApkVariantOutputImpl_DecoratedCustomizer> (0x0000000088dbba58) 
thrown [s\src\hotspot\share\classfile\systemDictionary.cpp, line 256]
Event: 15.972 Thread 0x0000014ac4955f30 Exception <a 'java/lang/NoClassDefFoundError'{0x0000000088ca2130}: org/jetbrains/kotlin/gradle/plugin/KotlinBasePluginWrapper> (0x0000000088ca2130) 
thrown [s\src\hotspot\share\classfile\systemDictionary.cpp, line 245]
Event: 16.178 Thread 0x0000014ac4955f30 Exception <a 'java/lang/NoSuchMethodError'{0x000000008f58b2f0}: static Lcom/android/build/gradle/internal/profile/ProjectData;.<clinit>()V> (0x000000008f58b2f0) 
thrown [s\src\hotspot\share\prims\jni.cpp, line 1108]

VM Operations (20 events):
Event: 14.980 Executing VM operation: HandshakeAllThreads done
Event: 14.987 Executing VM operation: ICBufferFull
Event: 14.988 Executing VM operation: ICBufferFull done
Event: 15.072 Executing VM operation: HandshakeAllThreads
Event: 15.072 Executing VM operation: HandshakeAllThreads done
Event: 15.302 Executing VM operation: G1CollectForAllocation
Event: 15.306 Executing VM operation: G1CollectForAllocation done
Event: 15.333 Executing VM operation: G1Concurrent
Event: 15.336 Executing VM operation: G1Concurrent done
Event: 15.350 Executing VM operation: G1Concurrent
Event: 15.350 Executing VM operation: G1Concurrent done
Event: 16.024 Executing VM operation: ICBufferFull
Event: 16.024 Executing VM operation: ICBufferFull done
Event: 16.040 Executing VM operation: HandshakeAllThreads
Event: 16.041 Executing VM operation: HandshakeAllThreads done
Event: 16.123 Executing VM operation: G1CollectForAllocation
Event: 16.128 Executing VM operation: G1CollectForAllocation done
Event: 16.162 Executing VM operation: G1CollectForAllocation
Event: 16.167 Executing VM operation: G1CollectForAllocation done
Event: 16.184 Executing VM operation: G1TryInitiateConcMark

Events (20 events):
Event: 15.030 loading class jdk/internal/loader/URLClassPath$FileLoader done
Event: 15.031 loading class jdk/internal/loader/URLClassPath$FileLoader$1
Event: 15.031 loading class jdk/internal/loader/URLClassPath$FileLoader$1 done
Event: 15.325 loading class sun/reflect/generics/repository/FieldRepository
Event: 15.325 loading class sun/reflect/generics/repository/FieldRepository done
Event: 15.384 loading class java/util/regex/Pattern$Caret
Event: 15.384 loading class java/util/regex/Pattern$Caret done
Event: 15.398 Thread 0x0000014ac3b67fe0 Thread added: 0x0000014ac3b67fe0
Event: 15.538 Thread 0x0000014ac3b67fe0 Thread exited: 0x0000014ac3b67fe0
Event: 15.834 Thread 0x0000014acdf36090 Thread added: 0x0000014acdf36090
Event: 16.041 loading class java/util/Stack
Event: 16.041 loading class java/util/Stack done
Event: 16.077 loading class java/lang/AbstractMethodError
Event: 16.077 loading class java/lang/AbstractMethodError done
Event: 16.177 loading class java/io/ObjectOutputStream$BlockDataOutputStream
Event: 16.177 loading class java/io/ObjectOutputStream$BlockDataOutputStream done
Event: 16.177 loading class java/io/ObjectOutputStream$HandleTable
Event: 16.178 loading class java/io/ObjectOutputStream$HandleTable done
Event: 16.178 loading class java/io/ObjectOutputStream$ReplaceTable
Event: 16.178 loading class java/io/ObjectOutputStream$ReplaceTable done


Dynamic libraries:
0x00007ff657730000 - 0x00007ff65773a000 	C:\Program Files\Android\Android Studio\jbr\bin\java.exe
0x00007ffca3cb0000 - 0x00007ffca3ec7000 	C:\WINDOWS\SYSTEM32\ntdll.dll
0x00007ffca2720000 - 0x00007ffca27e4000 	C:\WINDOWS\System32\KERNEL32.DLL
0x00007ffca10c0000 - 0x00007ffca1465000 	C:\WINDOWS\System32\KERNELBASE.dll
0x00007ffca18e0000 - 0x00007ffca19f1000 	C:\WINDOWS\System32\ucrtbase.dll
0x00007ffc83dc0000 - 0x00007ffc83dd7000 	C:\Program Files\Android\Android Studio\jbr\bin\jli.dll
0x00007ffc74320000 - 0x00007ffc7433b000 	C:\Program Files\Android\Android Studio\jbr\bin\VCRUNTIME140.dll
0x00007ffca3aa0000 - 0x00007ffca3c4e000 	C:\WINDOWS\System32\USER32.dll
0x00007ffca1560000 - 0x00007ffca1586000 	C:\WINDOWS\System32\win32u.dll
0x00007ffc8b540000 - 0x00007ffc8b7d3000 	C:\WINDOWS\WinSxS\amd64_microsoft.windows.common-controls_6595b64144ccf1df_6.0.22621.2506_none_270c5ae97388e100\COMCTL32.dll
0x00007ffca2880000 - 0x00007ffca28a9000 	C:\WINDOWS\System32\GDI32.dll
0x00007ffca39f0000 - 0x00007ffca3a97000 	C:\WINDOWS\System32\msvcrt.dll
0x00007ffca1590000 - 0x00007ffca16a9000 	C:\WINDOWS\System32\gdi32full.dll
0x00007ffca1020000 - 0x00007ffca10ba000 	C:\WINDOWS\System32\msvcp_win.dll
0x00007ffca2b60000 - 0x00007ffca2b91000 	C:\WINDOWS\System32\IMM32.DLL
0x00007ffc9add0000 - 0x00007ffc9addc000 	C:\Program Files\Android\Android Studio\jbr\bin\vcruntime140_1.dll
0x00007ffc681c0000 - 0x00007ffc6824d000 	C:\Program Files\Android\Android Studio\jbr\bin\msvcp140.dll
0x00007ffbf2690000 - 0x00007ffbf32fe000 	C:\Program Files\Android\Android Studio\jbr\bin\server\jvm.dll
0x00007ffca2910000 - 0x00007ffca29c1000 	C:\WINDOWS\System32\ADVAPI32.dll
0x00007ffca1b00000 - 0x00007ffca1ba6000 	C:\WINDOWS\System32\sechost.dll
0x00007ffca2ec0000 - 0x00007ffca2fd7000 	C:\WINDOWS\System32\RPCRT4.dll
0x00007ffc998c0000 - 0x00007ffc998f4000 	C:\WINDOWS\SYSTEM32\WINMM.dll
0x00007ffc98e70000 - 0x00007ffc98e7a000 	C:\WINDOWS\SYSTEM32\VERSION.dll
0x00007ffc94a40000 - 0x00007ffc94a49000 	C:\WINDOWS\SYSTEM32\WSOCK32.dll
0x00007ffca2d40000 - 0x00007ffca2db1000 	C:\WINDOWS\System32\WS2_32.dll
0x00007ffca0000000 - 0x00007ffca0018000 	C:\WINDOWS\SYSTEM32\kernel.appcore.dll
0x00007ffc93640000 - 0x00007ffc9364a000 	C:\Program Files\Android\Android Studio\jbr\bin\jimage.dll
0x00007ffc9e950000 - 0x00007ffc9eb83000 	C:\WINDOWS\SYSTEM32\DBGHELP.DLL
0x00007ffca2fe0000 - 0x00007ffca3369000 	C:\WINDOWS\System32\combase.dll
0x00007ffca3910000 - 0x00007ffca39e7000 	C:\WINDOWS\System32\OLEAUT32.dll
0x00007ffc92080000 - 0x00007ffc920b2000 	C:\WINDOWS\SYSTEM32\dbgcore.DLL
0x00007ffca1470000 - 0x00007ffca14ea000 	C:\WINDOWS\System32\bcryptPrimitives.dll
0x00007ffc86c30000 - 0x00007ffc86c55000 	C:\Program Files\Android\Android Studio\jbr\bin\java.dll
0x00007ffc903f0000 - 0x00007ffc90408000 	C:\Program Files\Android\Android Studio\jbr\bin\zip.dll
0x00007ffca1bb0000 - 0x00007ffca2409000 	C:\WINDOWS\System32\SHELL32.dll
0x00007ffc9eef0000 - 0x00007ffc9f7e4000 	C:\WINDOWS\SYSTEM32\windows.storage.dll
0x00007ffc9edb0000 - 0x00007ffc9eeee000 	C:\WINDOWS\SYSTEM32\wintypes.dll
0x00007ffca2dc0000 - 0x00007ffca2eb3000 	C:\WINDOWS\System32\SHCORE.dll
0x00007ffca2a40000 - 0x00007ffca2a9e000 	C:\WINDOWS\System32\shlwapi.dll
0x00007ffca0f50000 - 0x00007ffca0f76000 	C:\WINDOWS\SYSTEM32\profapi.dll
0x00007ffc87e00000 - 0x00007ffc87e19000 	C:\Program Files\Android\Android Studio\jbr\bin\net.dll
0x00007ffc9b050000 - 0x00007ffc9b187000 	C:\WINDOWS\SYSTEM32\WINHTTP.dll
0x00007ffca04a0000 - 0x00007ffca0509000 	C:\WINDOWS\system32\mswsock.dll
0x00007ffc878d0000 - 0x00007ffc878e6000 	C:\Program Files\Android\Android Studio\jbr\bin\nio.dll
0x00007ffc915a0000 - 0x00007ffc915b0000 	C:\Program Files\Android\Android Studio\jbr\bin\verify.dll
0x00007ffc72ef0000 - 0x00007ffc72f17000 	C:\Users\SHANKHADIP BERA\.gradle\native\68d5fa5c4cc2d200863cafc0d521ce42e7d3e7ee720ec0a83991735586a16f82\windows-amd64\native-platform.dll
0x00007ffc5db80000 - 0x00007ffc5dcc4000 	C:\Users\SHANKHADIP BERA\.gradle\native\e376f236ea51e6404a007f0833ffe2c6e607c4080706a723a18a27aeea778392\windows-amd64\native-platform-file-events.dll
0x00007ffc911c0000 - 0x00007ffc911c9000 	C:\Program Files\Android\Android Studio\jbr\bin\management.dll
0x00007ffc90460000 - 0x00007ffc9046b000 	C:\Program Files\Android\Android Studio\jbr\bin\management_ext.dll
0x00007ffca3380000 - 0x00007ffca3388000 	C:\WINDOWS\System32\PSAPI.DLL
0x00007ffca06f0000 - 0x00007ffca070b000 	C:\WINDOWS\SYSTEM32\CRYPTSP.dll
0x00007ffc9ff60000 - 0x00007ffc9ff95000 	C:\WINDOWS\system32\rsaenh.dll
0x00007ffca0590000 - 0x00007ffca05bc000 	C:\WINDOWS\SYSTEM32\USERENV.dll
0x00007ffca0950000 - 0x00007ffca0978000 	C:\WINDOWS\SYSTEM32\bcrypt.dll
0x00007ffca0710000 - 0x00007ffca071c000 	C:\WINDOWS\SYSTEM32\CRYPTBASE.dll
0x00007ffc9fa90000 - 0x00007ffc9fabd000 	C:\WINDOWS\SYSTEM32\IPHLPAPI.DLL
0x00007ffca2aa0000 - 0x00007ffca2aa9000 	C:\WINDOWS\System32\NSI.dll
0x00007ffc9a220000 - 0x00007ffc9a239000 	C:\WINDOWS\SYSTEM32\dhcpcsvc6.DLL
0x00007ffc9a330000 - 0x00007ffc9a34f000 	C:\WINDOWS\SYSTEM32\dhcpcsvc.DLL
0x00007ffc9fac0000 - 0x00007ffc9fbb9000 	C:\WINDOWS\SYSTEM32\DNSAPI.dll
0x00007ffc7edd0000 - 0x00007ffc7edd8000 	C:\WINDOWS\system32\wshunix.dll

dbghelp: loaded successfully - version: 4.0.5 - missing functions: none
symbol engine: initialized successfully - sym options: 0x614 - pdb path: .;C:\Program Files\Android\Android Studio\jbr\bin;C:\WINDOWS\SYSTEM32;C:\WINDOWS\WinSxS\amd64_microsoft.windows.common-controls_6595b64144ccf1df_6.0.22621.2506_none_270c5ae97388e100;C:\Program Files\Android\Android Studio\jbr\bin\server;C:\Users\SHANKHADIP BERA\.gradle\native\68d5fa5c4cc2d200863cafc0d521ce42e7d3e7ee720ec0a83991735586a16f82\windows-amd64;C:\Users\SHANKHADIP BERA\.gradle\native\e376f236ea51e6404a007f0833ffe2c6e607c4080706a723a18a27aeea778392\windows-amd64

VM Arguments:
jvm_args: --add-opens=java.base/java.util=ALL-UNNAMED --add-opens=java.base/java.lang=ALL-UNNAMED --add-opens=java.base/java.lang.invoke=ALL-UNNAMED --add-opens=java.prefs/java.util.prefs=ALL-UNNAMED --add-opens=java.base/java.nio.charset=ALL-UNNAMED --add-opens=java.base/java.net=ALL-UNNAMED --add-opens=java.base/java.util.concurrent.atomic=ALL-UNNAMED -Xmx2048m -Dfile.encoding=UTF-8 -Duser.country=IN -Duser.language=en -Duser.variant 
java_command: org.gradle.launcher.daemon.bootstrap.GradleDaemon 8.0
java_class_path (initial): C:\Users\SHANKHADIP BERA\.gradle\wrapper\dists\gradle-8.0-bin\ca5e32bp14vu59qr306oxotwh\gradle-8.0\lib\gradle-launcher-8.0.jar
Launcher Type: SUN_STANDARD

[Global flags]
     intx CICompilerCount                          = 4                                         {product} {ergonomic}
     uint ConcGCThreads                            = 3                                         {product} {ergonomic}
     uint G1ConcRefinementThreads                  = 10                                        {product} {ergonomic}
   size_t G1HeapRegionSize                         = 1048576                                   {product} {ergonomic}
    uintx GCDrainStackTargetSize                   = 64                                        {product} {ergonomic}
   size_t InitialHeapSize                          = 257949696                                 {product} {ergonomic}
   size_t MarkStackSize                            = 4194304                                   {product} {ergonomic}
   size_t MaxHeapSize                              = 2147483648                                {product} {command line}
   size_t MaxNewSize                               = 1287651328                                {product} {ergonomic}
   size_t MinHeapDeltaBytes                        = 1048576                                   {product} {ergonomic}
   size_t MinHeapSize                              = 8388608                                   {product} {ergonomic}
    uintx NonNMethodCodeHeapSize                   = 5839372                                {pd product} {ergonomic}
    uintx NonProfiledCodeHeapSize                  = 122909434                              {pd product} {ergonomic}
    uintx ProfiledCodeHeapSize                     = 122909434                              {pd product} {ergonomic}
    uintx ReservedCodeCacheSize                    = 251658240                              {pd product} {ergonomic}
     bool SegmentedCodeCache                       = true                                      {product} {ergonomic}
   size_t SoftMaxHeapSize                          = 2147483648                             {manageable} {ergonomic}
     bool UseCompressedClassPointers               = true                           {product lp64_product} {ergonomic}
     bool UseCompressedOops                        = true                           {product lp64_product} {ergonomic}
     bool UseG1GC                                  = true                                      {product} {ergonomic}
     bool UseLargePagesIndividualAllocation        = false                                  {pd product} {ergonomic}

Logging:
Log output configuration:
 #0: stdout all=warning uptime,level,tags
 #1: stderr all=off uptime,level,tags

Environment Variables:
PATH=C:\Program Files\Common Files\Oracle\Java\javapath;C:\WINDOWS\system32;C:\WINDOWS;C:\WINDOWS\System32\Wbem;C:\WINDOWS\System32\WindowsPowerShell\v1.0\;C:\WINDOWS\System32\OpenSSH\;C:\MinGW\bin;C:\Program Files\Java\jdk-18.0.2.1\bin;C:\Program Files\Git\cmd;C:\Program Files\Git\mingw64\bin;C:\Program Files\Git\usr\bin;C:\Program Files (x86)\HP\HP OCR\DB_Lib\;C:\Program Files\HP\Common\HPDestPlgIn\;C:\Program Files (x86)\HP\Common\HPDestPlgIn\;C:\Users\SHANKHADIP BERA\AppData\Local\Programs\Python\Python311\Scripts\;C:\Users\SHANKHADIP BERA\AppData\Local\Programs\Python\Python311\;C:\Users\SHANKHADIP BERA\AppData\Local\Microsoft\WindowsApps;C:\Users\SHANKHADIP BERA\AppData\Local\Programs\Microsoft VS Code\bin;C:\Program Files\JetBrains\IntelliJ IDEA Community Edition 2023.1.1\bin;
USERNAME=SHANKHADIP BERA
OS=Windows_NT
PROCESSOR_IDENTIFIER=AMD64 Family 23 Model 104 Stepping 1, AuthenticAMD
TMP=C:\Users\SHANKH~1\AppData\Local\Temp
TEMP=C:\Users\SHANKH~1\AppData\Local\Temp


JNI global refs:
JNI global refs: 26, weak refs: 0

JNI global refs memory usage: 843, weak refs: 841


---------------  S Y S T E M  ---------------

OS:
 Windows 11 , 64 bit Build 22621 (10.0.22621.2506)
OS uptime: 12 days 9:26 hours
Hyper-V role detected

CPU: total 12 (initial active 12) (12 cores per cpu, 2 threads per core) family 23 model 104 stepping 1 microcode 0x0, cx8, cmov, fxsr, ht, mmx, 3dnowpref, sse, sse2, sse3, ssse3, sse4a, sse4.1, sse4.2, popcnt, lzcnt, tsc, tscinvbit, avx, avx2, aes, clmul, bmi1, bmi2, adx, sha, fma, vzeroupper, clflush, clflushopt, hv

Memory: 4k page, system-wide physical 15693M (2760M free)
TotalPageFile size 19983M (AvailPageFile size 14M)
current process WorkingSet (physical memory assigned to process): 403M, peak: 430M
current process commit charge ("private bytes"): 474M, peak: 515M

vm_info: OpenJDK 64-Bit Server VM (17.0.6+0-b2043.56-10027231) for windows-amd64 JRE (17.0.6+0-b2043.56-10027231), built on Apr 28 2023 00:43:19 by "androidbuild" with MS VC++ 16.10 / 16.11 (VS2019)

END.
